#
# There is insufficient memory for the Java Runtime Environment to continue.
# Native memory allocation (mmap) failed to map 130023424 bytes for Failed to commit area from 0x0000000084e00000 to 0x000000008ca00000 of length 130023424.
# Possible reasons:
#   The system is out of physical RAM or swap space
#   The process is running with CompressedOops enabled, and the Java Heap may be blocking the growth of the native heap
# Possible solutions:
#   Reduce memory load on the system
#   Increase physical memory or swap space
#   Check if swap backing store is full
#   Decrease Java heap size (-Xmx/-Xms)
#   Decrease number of Java threads
#   Decrease Java thread stack sizes (-Xss)
#   Set larger code cache with -XX:ReservedCodeCacheSize=
#   JVM is running with Unscaled Compressed Oops mode in which the Java heap is
#     placed in the first 4GB address space. The Java Heap base address is the
#     maximum limit for the native heap growth. Please use -XX:HeapBaseMinAddress
#     to set the Java Heap base and to place the Java Heap above 4GB virtual address.
# This output file may be truncated or incomplete.
#
#  Out of Memory Error (./open/src/hotspot/os/windows/os_windows.cpp:3315), pid=16412, tid=18712
#
# JRE version:  (14.0.2+12) (build )
# Java VM: OpenJDK 64-Bit Server VM (14.0.2+12-46, mixed mode, sharing, tiered, compressed oops, g1 gc, windows-amd64)
# No core dump will be written. Minidumps are not enabled by default on client versions of Windows
#

---------------  S U M M A R Y ------------

Command Line: -Dfile.encoding=Cp1252 -XX:+ShowCodeDetailsInExceptionMessages itsudparis.application.Dashboard

Host: Intel(R) Core(TM) i5-5300U CPU @ 2.30GHz, 4 cores, 7G,  Windows 10 , 64 bit Build 18362 (10.0.18362.1350)
Time: Tue Mar 30 03:25:48 2021 Paris, Madrid (heure d?été) elapsed time: 0 seconds (0d 0h 0m 0s)

---------------  T H R E A D  ---------------

Current thread (0x000002372192e000):  JavaThread "Unknown thread" [_thread_in_vm, id=18712, stack(0x0000009b32800000,0x0000009b32900000)]

Stack: [0x0000009b32800000,0x0000009b32900000]
Native frames: (J=compiled Java code, j=interpreted, Vv=VM code, C=native code)
V  [jvm.dll+0x5f8a9a]
V  [jvm.dll+0x74247a]
V  [jvm.dll+0x743c2f]
V  [jvm.dll+0x744273]
V  [jvm.dll+0x20d288]
V  [jvm.dll+0x5f5dea]
V  [jvm.dll+0x5eac45]
V  [jvm.dll+0x2c7e9c]
V  [jvm.dll+0x2c7cd2]
V  [jvm.dll+0x2cdbbc]
V  [jvm.dll+0x313fe8]
V  [jvm.dll+0x313710]
V  [jvm.dll+0x2a092a]
V  [jvm.dll+0x2a1a79]
V  [jvm.dll+0x71fd48]
V  [jvm.dll+0x321c14]
V  [jvm.dll+0x70112c]
V  [jvm.dll+0x392def]
V  [jvm.dll+0x394e61]
C  [jli.dll+0x524b]
C  [ucrtbase.dll+0x210b2]
C  [KERNEL32.DLL+0x17c24]
C  [ntdll.dll+0x6d721]


---------------  P R O C E S S  ---------------

Threads class SMR info:
_java_thread_list=0x00007ff95d7a3038, length=0, elements={
}

Java Threads: ( => current thread )

Other Threads:
  0x0000023721970000 GCTaskThread "GC Thread#0" [stack: 0x0000009b32900000,0x0000009b32a00000] [id=16552]
  0x0000023721982000 ConcurrentGCThread "G1 Main Marker" [stack: 0x0000009b32a00000,0x0000009b32b00000] [id=10032]
  0x0000023721985000 ConcurrentGCThread "G1 Conc#0" [stack: 0x0000009b32b00000,0x0000009b32c00000] [id=18480]

[error occurred during error reporting (printing all threads), id 0xc0000005, EXCEPTION_ACCESS_VIOLATION (0xc0000005) at pc=0x00007ff95cfd1257]

VM state:not at safepoint (not fully initialized)

VM Mutex/Monitor currently owned by a thread:  ([mutex/lock_event])
[0x000002372192b100] Heap_lock - owner thread: 0x000002372192e000

Heap address: 0x0000000084e00000, size: 1970 MB, Compressed Oops mode: 32-bit
Narrow klass base: 0x0000000000000000, Narrow klass shift: 0

GC Heap History (0 events):
No events

Deoptimization events (0 events):
No events

Classes unloaded (0 events):
No events

Classes redefined (0 events):
No events

Internal exceptions (0 events):
No events

Events (2 events):
Event: 0.019 Loaded shared library C:\Users\utilisateur\.p2\pool\plugins\org.eclipse.justj.openjdk.hotspot.jre.full.win32.x86_64_14.0.2.v20200815-0932\jre\bin\java.dll
Event: 0.020 Loaded shared library C:\Users\utilisateur\.p2\pool\plugins\org.eclipse.justj.openjdk.hotspot.jre.full.win32.x86_64_14.0.2.v20200815-0932\jre\bin\zip.dll


Dynamic libraries:
0x00007ff7d4840000 - 0x00007ff7d484d000 	C:\Users\utilisateur\.p2\pool\plugins\org.eclipse.justj.openjdk.hotspot.jre.full.win32.x86_64_14.0.2.v20200815-0932\jre\bin\javaw.exe
0x00007ff9cbca0000 - 0x00007ff9cbe90000 	C:\windows\SYSTEM32\ntdll.dll
0x00007ff9cb6d0000 - 0x00007ff9cb782000 	C:\windows\System32\KERNEL32.DLL
0x00007ff9c9290000 - 0x00007ff9c9535000 	C:\windows\System32\KERNELBASE.dll
0x00007ff9c9190000 - 0x00007ff9c928a000 	C:\windows\System32\ucrtbase.dll
0x00007ff9b7860000 - 0x00007ff9b7878000 	C:\Users\utilisateur\.p2\pool\plugins\org.eclipse.justj.openjdk.hotspot.jre.full.win32.x86_64_14.0.2.v20200815-0932\jre\bin\jli.dll
0x00007ff9c9e70000 - 0x00007ff9ca004000 	C:\windows\System32\USER32.dll
0x00007ff9c8e50000 - 0x00007ff9c8e71000 	C:\windows\System32\win32u.dll
0x00007ff9ca010000 - 0x00007ff9ca036000 	C:\windows\System32\GDI32.dll
0x00007ff9c8c10000 - 0x00007ff9c8da8000 	C:\windows\System32\gdi32full.dll
0x00007ff9c8f30000 - 0x00007ff9c8fce000 	C:\windows\System32\msvcp_win.dll
0x00007ff9abc90000 - 0x00007ff9abca5000 	C:\Users\utilisateur\.p2\pool\plugins\org.eclipse.justj.openjdk.hotspot.jre.full.win32.x86_64_14.0.2.v20200815-0932\jre\bin\VCRUNTIME140.dll
0x00007ff9b7070000 - 0x00007ff9b72f4000 	C:\windows\WinSxS\amd64_microsoft.windows.common-controls_6595b64144ccf1df_6.0.18362.1440_none_9e7dbfb9e45e8e67\COMCTL32.dll
0x00007ff9cb920000 - 0x00007ff9cb9be000 	C:\windows\System32\msvcrt.dll
0x00007ff9cb320000 - 0x00007ff9cb656000 	C:\windows\System32\combase.dll
0x00007ff9c9d50000 - 0x00007ff9c9e6f000 	C:\windows\System32\RPCRT4.dll
0x00007ff9c9cc0000 - 0x00007ff9c9d41000 	C:\windows\System32\bcryptPrimitives.dll
0x00007ff9cb8f0000 - 0x00007ff9cb91e000 	C:\windows\System32\IMM32.DLL
0x00007ff9abbf0000 - 0x00007ff9abc8b000 	C:\Users\utilisateur\.p2\pool\plugins\org.eclipse.justj.openjdk.hotspot.jre.full.win32.x86_64_14.0.2.v20200815-0932\jre\bin\msvcp140.dll
0x00007ff95cd20000 - 0x00007ff95d83e000 	C:\Users\utilisateur\.p2\pool\plugins\org.eclipse.justj.openjdk.hotspot.jre.full.win32.x86_64_14.0.2.v20200815-0932\jre\bin\server\jvm.dll
0x00007ff9ca750000 - 0x00007ff9ca7f3000 	C:\windows\System32\ADVAPI32.dll
0x00007ff9cb850000 - 0x00007ff9cb8e7000 	C:\windows\System32\sechost.dll
0x00007ff9ca800000 - 0x00007ff9ca808000 	C:\windows\System32\PSAPI.DLL
0x00007ff9c6b80000 - 0x00007ff9c6ba4000 	C:\windows\SYSTEM32\WINMM.dll
0x00007ff9b7fa0000 - 0x00007ff9b7faa000 	C:\windows\SYSTEM32\VERSION.dll
0x00007ff9c6b50000 - 0x00007ff9c6b7d000 	C:\windows\SYSTEM32\WINMMBASE.dll
0x00007ff9c8e00000 - 0x00007ff9c8e4a000 	C:\windows\System32\cfgmgr32.dll
0x00007ff9b4b80000 - 0x00007ff9b4b89000 	C:\windows\SYSTEM32\WSOCK32.dll
0x00007ff9cb660000 - 0x00007ff9cb6cf000 	C:\windows\System32\WS2_32.dll
0x00007ff9c8bb0000 - 0x00007ff9c8bc1000 	C:\windows\System32\kernel.appcore.dll
0x00007ff9c5350000 - 0x00007ff9c535a000 	C:\Users\utilisateur\.p2\pool\plugins\org.eclipse.justj.openjdk.hotspot.jre.full.win32.x86_64_14.0.2.v20200815-0932\jre\bin\jimage.dll
0x00007ff9b69b0000 - 0x00007ff9b6ba4000 	C:\windows\SYSTEM32\DBGHELP.DLL
0x00007ff9b6930000 - 0x00007ff9b695a000 	C:\windows\SYSTEM32\dbgcore.DLL
0x00007ff9bcb20000 - 0x00007ff9bcb45000 	C:\Users\utilisateur\.p2\pool\plugins\org.eclipse.justj.openjdk.hotspot.jre.full.win32.x86_64_14.0.2.v20200815-0932\jre\bin\java.dll
0x00007ff9c2c80000 - 0x00007ff9c2c96000 	C:\Users\utilisateur\.p2\pool\plugins\org.eclipse.justj.openjdk.hotspot.jre.full.win32.x86_64_14.0.2.v20200815-0932\jre\bin\zip.dll

dbghelp: loaded successfully - version: 4.0.5 - missing functions: none
symbol engine: initialized successfully - sym options: 0x614 - pdb path: .;C:\Users\utilisateur\.p2\pool\plugins\org.eclipse.justj.openjdk.hotspot.jre.full.win32.x86_64_14.0.2.v20200815-0932\jre\bin;C:\windows\SYSTEM32;C:\windows\WinSxS\amd64_microsoft.windows.common-controls_6595b64144ccf1df_6.0.18362.1440_none_9e7dbfb9e45e8e67;C:\Users\utilisateur\.p2\pool\plugins\org.eclipse.justj.openjdk.hotspot.jre.full.win32.x86_64_14.0.2.v20200815-0932\jre\bin\server

VM Arguments:
jvm_args: -Dfile.encoding=Cp1252 -XX:+ShowCodeDetailsInExceptionMessages 
java_command: itsudparis.application.Dashboard
java_class_path (initial): C:\Users\utilisateur\Desktop\projects\Projet_Environnement_Intelligent-main\OntologieProject\bin;C:\Users\utilisateur\Desktop\projects\Jena-2.6-2.2\lib\arq-2.8.1.jar;C:\Users\utilisateur\Desktop\projects\Jena-2.6-2.2\lib\icu4j-3.4.4.jar;C:\Users\utilisateur\Desktop\projects\Jena-2.6-2.2\lib\iri-0.7.jar;C:\Users\utilisateur\Desktop\projects\Jena-2.6-2.2\lib\jena-2.6.2.jar;C:\Users\utilisateur\Desktop\projects\Jena-2.6-2.2\lib\jena-2.6.2-tests.jar;C:\Users\utilisateur\Desktop\projects\Jena-2.6-2.2\lib\junit-4.5.jar;C:\Users\utilisateur\Desktop\projects\Jena-2.6-2.2\lib\log4j-1.2.13.jar;C:\Users\utilisateur\Desktop\projects\Jena-2.6-2.2\lib\lucene-core-2.3.1.jar;C:\Users\utilisateur\Desktop\projects\Jena-2.6-2.2\lib\slf4j-api-1.5.6.jar;C:\Users\utilisateur\Desktop\projects\Jena-2.6-2.2\lib\slf4j-log4j12-1.5.6.jar;C:\Users\utilisateur\Desktop\projects\Jena-2.6-2.2\lib\stax-api-1.0.1.jar;C:\Users\utilisateur\Desktop\projects\Jena-2.6-2.2\lib\wstx-asl-3.2.9.jar;C:\Users\utilisateur\Desktop\projects\Jena-2.6-2.2\lib\xercesImpl-2.7.1.jar
Launcher Type: SUN_STANDARD

[Global flags]
     intx CICompilerCount                          = 3                                         {product} {ergonomic}
     uint ConcGCThreads                            = 1                                         {product} {ergonomic}
     uint G1ConcRefinementThreads                  = 4                                         {product} {ergonomic}
   size_t G1HeapRegionSize                         = 1048576                                   {product} {ergonomic}
    uintx GCDrainStackTargetSize                   = 64                                        {product} {ergonomic}
   size_t InitialHeapSize                          = 130023424                                 {product} {ergonomic}
   size_t MarkStackSize                            = 4194304                                   {product} {ergonomic}
   size_t MaxHeapSize                              = 2065694720                                {product} {ergonomic}
   size_t MinHeapDeltaBytes                        = 1048576                                   {product} {ergonomic}
   size_t MinHeapSize                              = 8388608                                   {product} {ergonomic}
    uintx NonNMethodCodeHeapSize                   = 5832780                                {pd product} {ergonomic}
    uintx NonProfiledCodeHeapSize                  = 122912730                              {pd product} {ergonomic}
    uintx ProfiledCodeHeapSize                     = 122912730                              {pd product} {ergonomic}
    uintx ReservedCodeCacheSize                    = 251658240                              {pd product} {ergonomic}
     bool SegmentedCodeCache                       = true                                      {product} {ergonomic}
     bool ShowCodeDetailsInExceptionMessages       = true                                   {manageable} {command line}
   size_t SoftMaxHeapSize                          = 2065694720                             {manageable} {ergonomic}
     bool UseCompressedClassPointers               = true                                 {lp64_product} {ergonomic}
     bool UseCompressedOops                        = true                                 {lp64_product} {ergonomic}
     bool UseG1GC                                  = true                                      {product} {ergonomic}
     bool UseLargePagesIndividualAllocation        = false                                  {pd product} {ergonomic}

Logging:
Log output configuration:
 #0: stdout all=warning uptime,level,tags
 #1: stderr all=off uptime,level,tags

Environment Variables:
PATH=C:/Users/utilisateur/.p2/pool/plugins/org.eclipse.justj.openjdk.hotspot.jre.full.win32.x86_64_14.0.2.v20200815-0932/jre/bin/server;C:/Users/utilisateur/.p2/pool/plugins/org.eclipse.justj.openjdk.hotspot.jre.full.win32.x86_64_14.0.2.v20200815-0932/jre/bin;C:\Program Files (x86)\Common Files\Oracle\Java\javapath;C:\windows\system32;C:\windows;C:\windows\System32\Wbem;C:\windows\System32\WindowsPowerShell\v1.0\;C:\windows\System32\OpenSSH\;C:\Program Files (x86)\Intel\Intel(R) Management Engine Components\DAL;C:\Program Files\Intel\Intel(R) Management Engine Components\DAL;C:\flutter\bin;C:\Program Files\nodejs\;C:\Program Files\Git\cmd;C:\Program Files\MongoDB\Server\4.2\bin;C:\Program Files\PuTTY\;C:\Program Files\Docker\Docker\resources\bin;C:\ProgramData\DockerDesktop\version-bin;C:\Gradel\gradle-6.8.2\bin;C:\Users\utilisateur\anaconda3;C:\Users\utilisateur\anaconda3\Library\mingw-w64\bin;C:\Users\utilisateur\anaconda3\Library\usr\bin;C:\Users\utilisateur\anaconda3\Library\bin;C:\Users\utilisateur\anaconda3\Scripts;C:\Users\utilisateur\AppData\Local\Microsoft\WindowsApps;C:\Users\utilisateur\AppData\Local\Programs\Microsoft VS Code\bin;C:\Users\utilisateur\AppData\Roaming\npm;C:\Users\utilisateur\AppData\Roaming\Dashlane\6.2018.0.34867\bin\Firefox_Extension\{442718d9-475e-452a-b3e1-fb1ee16b8e9f}\components;C:\Users\utilisateur\AppData\Roaming\Dashlane\6.2018.0.34867\ucrt;C:\Users\utilisateur\AppData\Roaming\Dashlane\6.2018.0.34867\bin\Qt;C:\Users\utilisateur\AppData\Roaming\Dashlane\6.2018.0.34867\ucrt;C:\Users\utilisateur\AppData\Roaming\Dashlane\6.2018.0.34867\bin\Ssl;C:\Gradel\gradle-6.8.2\bin;;C:\windows\system32;
USERNAME=utilisateur
OS=Windows_NT
PROCESSOR_IDENTIFIER=Intel64 Family 6 Model 61 Stepping 4, GenuineIntel



---------------  S Y S T E M  ---------------

OS: Windows 10 , 64 bit Build 18362 (10.0.18362.1350)
OS uptime: 2 days 3:54 hours
HyperV virtualization detected

CPU:total 4 (initial active 4) (2 cores per cpu, 2 threads per core) family 6 model 61 stepping 4, cmov, cx8, fxsr, mmx, sse, sse2, sse3, ssse3, sse4.1, sse4.2, popcnt, avx, avx2, aes, clmul, erms, rtm, 3dnowpref, lzcnt, ht, tsc, tscinvbit, bmi1, bmi2, adx, fma

Memory: 4k page, system-wide physical 7872M (1417M free)
TotalPageFile size 18142M (AvailPageFile size 34M)
current process WorkingSet (physical memory assigned to process): 10M, peak: 10M
current process commit charge ("private bytes"): 51M, peak: 175M

vm_info: OpenJDK 64-Bit Server VM (14.0.2+12-46) for windows-amd64 JRE (14.0.2+12-46), built on Jul  9 2020 00:31:16 by "mach5one" with MS VC++ 15.9 (VS2017)

END.
