#
# There is insufficient memory for the Java Runtime Environment to continue.
# Native memory allocation (mmap) failed to map 8388608 bytes for Failed to commit area from 0x000000008a900000 to 0x000000008b100000 of length 8388608.
# Possible reasons:
#   The system is out of physical RAM or swap space
#   The process is running with CompressedOops enabled, and the Java Heap may be blocking the growth of the native heap
# Possible solutions:
#   Reduce memory load on the system
#   Increase physical memory or swap space
#   Check if swap backing store is full
#   Decrease Java heap size (-Xmx/-Xms)
#   Decrease number of Java threads
#   Decrease Java thread stack sizes (-Xss)
#   Set larger code cache with -XX:ReservedCodeCacheSize=
#   JVM is running with Unscaled Compressed Oops mode in which the Java heap is
#     placed in the first 4GB address space. The Java Heap base address is the
#     maximum limit for the native heap growth. Please use -XX:HeapBaseMinAddress
#     to set the Java Heap base and to place the Java Heap above 4GB virtual address.
# This output file may be truncated or incomplete.
#
#  Out of Memory Error (./open/src/hotspot/os/windows/os_windows.cpp:3315), pid=7580, tid=17440
#
# JRE version: OpenJDK Runtime Environment (14.0.2+12) (build 14.0.2+12-46)
# Java VM: OpenJDK 64-Bit Server VM (14.0.2+12-46, mixed mode, tiered, compressed oops, g1 gc, windows-amd64)
# No core dump will be written. Minidumps are not enabled by default on client versions of Windows
#

---------------  S U M M A R Y ------------

Command Line: -Dfile.encoding=Cp1252 -XX:+ShowCodeDetailsInExceptionMessages itsudparis.application.Dashboard

Host: Intel(R) Core(TM) i5-5300U CPU @ 2.30GHz, 4 cores, 7G,  Windows 10 , 64 bit Build 18362 (10.0.18362.1350)
Time: Tue Mar 30 03:35:46 2021 Paris, Madrid (heure d?été) elapsed time: 5 seconds (0d 0h 0m 5s)

---------------  T H R E A D  ---------------

Current thread (0x000002ac16acc800):  VMThread "VM Thread" [stack: 0x000000b2ef400000,0x000000b2ef500000] [id=17440]

Stack: [0x000000b2ef400000,0x000000b2ef500000]
[error occurred during error reporting (printing stack bounds), id 0xc0000005, EXCEPTION_ACCESS_VIOLATION (0xc0000005) at pc=0x000002ac03bf10ad]

Native frames: (J=compiled Java code, j=interpreted, Vv=VM code, C=native code)
V  [jvm.dll+0x5f8a9a]
V  [jvm.dll+0x74247a]
V  [jvm.dll+0x743c2f]
V  [jvm.dll+0x7441d5]
V  [jvm.dll+0x74418b]
V  [jvm.dll+0x5f7f6f]
V  [jvm.dll+0x5f8738]
C  [ntdll.dll+0xa1eef]
C  [ntdll.dll+0x6aad9]
C  [ntdll.dll+0xa0b5e]
C  0x000002ac03bf10ad

VM_Operation (0x000000b2ef0ff970): G1Concurrent, mode: safepoint, requested by thread 0x000002ac7c6a1800


---------------  P R O C E S S  ---------------

Threads class SMR info:
_java_thread_list=0x000002ac19ae0e10, length=16, elements={
0x000002ac7c652800, 0x000002ac7f6af800, 0x000002ac7f6b0800, 0x000002ac16b0f800,
0x000002ac16af5800, 0x000002ac16b14000, 0x000002ac16afb800, 0x000002ac16afc800,
0x000002ac16b13000, 0x000002ac16b14800, 0x000002ac16b17000, 0x000002ac16b15800,
0x000002ac16b18000, 0x000002ac16b18800, 0x000002ac16b19800, 0x000002ac16b16800
}

Java Threads: ( => current thread )
  0x000002ac7c652800 JavaThread "main" [_thread_blocked, id=19320, stack(0x000000b2eee00000,0x000000b2eef00000)]
  0x000002ac7f6af800 JavaThread "Reference Handler" daemon [_thread_blocked, id=16392, stack(0x000000b2ef500000,0x000000b2ef600000)]
  0x000002ac7f6b0800 JavaThread "Finalizer" daemon [_thread_blocked, id=9716, stack(0x000000b2ef600000,0x000000b2ef700000)]
  0x000002ac16b0f800 JavaThread "Signal Dispatcher" daemon [_thread_blocked, id=18640, stack(0x000000b2ef700000,0x000000b2ef800000)]
  0x000002ac16af5800 JavaThread "Attach Listener" daemon [_thread_blocked, id=18160, stack(0x000000b2ef800000,0x000000b2ef900000)]
  0x000002ac16b14000 JavaThread "Service Thread" daemon [_thread_blocked, id=18380, stack(0x000000b2ef900000,0x000000b2efa00000)]
  0x000002ac16afb800 JavaThread "C2 CompilerThread0" daemon [_thread_blocked, id=18052, stack(0x000000b2efa00000,0x000000b2efb00000)]
  0x000002ac16afc800 JavaThread "C1 CompilerThread0" daemon [_thread_blocked, id=9188, stack(0x000000b2efb00000,0x000000b2efc00000)]
  0x000002ac16b13000 JavaThread "Sweeper thread" daemon [_thread_blocked, id=16444, stack(0x000000b2efc00000,0x000000b2efd00000)]
  0x000002ac16b14800 JavaThread "Notification Thread" daemon [_thread_blocked, id=8580, stack(0x000000b2efd00000,0x000000b2efe00000)]
  0x000002ac16b17000 JavaThread "Common-Cleaner" daemon [_thread_blocked, id=18996, stack(0x000000b2eff00000,0x000000b2f0000000)]
  0x000002ac16b15800 JavaThread "Java2D Disposer" daemon [_thread_blocked, id=3128, stack(0x000000b2f0000000,0x000000b2f0100000)]
  0x000002ac16b18000 JavaThread "AWT-Shutdown" [_thread_blocked, id=19032, stack(0x000000b2f0100000,0x000000b2f0200000)]
  0x000002ac16b18800 JavaThread "AWT-Windows" daemon [_thread_in_native, id=18316, stack(0x000000b2f0200000,0x000000b2f0300000)]
  0x000002ac16b19800 JavaThread "Image Fetcher 0" daemon [_thread_blocked, id=3396, stack(0x000000b2f0300000,0x000000b2f0400000)]
  0x000002ac16b16800 JavaThread "AWT-EventQueue-0" [_thread_blocked, id=19220, stack(0x000000b2f0400000,0x000000b2f0500000)]

Other Threads:
=>0x000002ac16acc800 VMThread "VM Thread" [stack: 0x000000b2ef400000,0x000000b2ef500000] [id=17440]
  0x000002ac16cc1800 WatcherThread [stack: 0x000000b2efe00000,0x000000b2eff00000] [id=17480]
  0x000002ac7c68f800 GCTaskThread "GC Thread#0" [stack: 0x000000b2eef00000,0x000000b2ef000000] [id=18712]
  0x000002ac1986c000 GCTaskThread "GC Thread#1" [stack: 0x000000b2f0500000,0x000000b2f0600000] [id=18852]
  0x000002ac1986d000 GCTaskThread "GC Thread#2" [stack: 0x000000b2f0600000,0x000000b2f0700000] [id=2552]
  0x000002ac19870800 GCTaskThread "GC Thread#3" [stack: 0x000000b2f0700000,0x000000b2f0800000] [id=9928]
  0x000002ac7c6a1800 ConcurrentGCThread "G1 Main Marker" [stack: 0x000000b2ef000000,0x000000b2ef100000] [id=18544]
  0x000002ac7c6a3000 ConcurrentGCThread "G1 Conc#0" [stack: 0x000000b2ef100000,0x000000b2ef200000] [id=9136]
  0x000002ac7c71c000 ConcurrentGCThread "G1 Refine#0" [stack: 0x000000b2ef200000,0x000000b2ef300000] [id=17980]
  0x000002ac16e2d000 ConcurrentGCThread "G1 Refine#1" [stack: 0x000000b2f0800000,0x000000b2f0900000] [id=19264]
  0x000002ac1b981800 ConcurrentGCThread "G1 Refine#2" [stack: 0x000000b2f0a00000,0x000000b2f0b00000] [id=1776]
  0x000002ac19be0000 ConcurrentGCThread "G1 Refine#3" [stack: 0x000000b2f0b00000,0x000000b2f0c00000] [id=19444]
  0x000002ac7c71d800 ConcurrentGCThread "G1 Young RemSet Sampling" [stack: 0x000000b2ef300000,0x000000b2ef400000] [id=18072]

Threads with active compile tasks:

VM state:at safepoint (normal execution)

VM Mutex/Monitor currently owned by a thread:  ([mutex/lock_event])
[0x000002ac7c64fa40] Threads_lock - owner thread: 0x000002ac16acc800
[0x000002ac7c64fec0] Heap_lock - owner thread: 0x000002ac7c6a1800

Heap address: 0x0000000084e00000, size: 1970 MB, Compressed Oops mode: 32-bit
Narrow klass base: 0x0000000000000000, Narrow klass shift: 3
Compressed class space size: 1073741824 Address: 0x0000000100000000

Heap:
 garbage-first heap   total 114688K, used 67090K [0x0000000084e00000, 0x0000000100000000)
  region size 1024K, 10 young (10240K), 3 survivors (3072K)
 Metaspace       used 25379K, capacity 25743K, committed 25856K, reserved 1073152K
  class space    used 2887K, capacity 3038K, committed 3072K, reserved 1048576K
Heap Regions: E=young(eden), S=young(survivor), O=old, HS=humongous(starts), HC=humongous(continues), CS=collection set, F=free, OA=open archive, CA=closed archive, TAMS=top-at-mark-start (previous, next)
|   0|0x0000000084e00000, 0x0000000084f00000, 0x0000000084f00000|100%|HS|  |TAMS 0x0000000084f00000, 0x0000000084e00000| Complete 
|   1|0x0000000084f00000, 0x0000000085000000, 0x0000000085000000|100%|HC|  |TAMS 0x0000000085000000, 0x0000000084f00000| Complete 
|   2|0x0000000085000000, 0x0000000085100000, 0x0000000085100000|100%|HS|  |TAMS 0x0000000085100000, 0x0000000085000000| Complete 
|   3|0x0000000085100000, 0x0000000085200000, 0x0000000085200000|100%|HC|  |TAMS 0x0000000085200000, 0x0000000085100000| Complete 
|   4|0x0000000085200000, 0x0000000085300000, 0x0000000085300000|100%|HC|  |TAMS 0x0000000085300000, 0x0000000085200000| Complete 
|   5|0x0000000085300000, 0x0000000085400000, 0x0000000085400000|100%| O|  |TAMS 0x0000000085400000, 0x0000000085300000| Updating 
|   6|0x0000000085400000, 0x0000000085500000, 0x0000000085500000|100%| O|  |TAMS 0x0000000085500000, 0x0000000085400000| Updating 
|   7|0x0000000085500000, 0x0000000085600000, 0x0000000085600000|100%| O|  |TAMS 0x0000000085600000, 0x0000000085500000| Updating 
|   8|0x0000000085600000, 0x0000000085700000, 0x0000000085700000|100%| O|  |TAMS 0x0000000085700000, 0x0000000085600000| Updating 
|   9|0x0000000085700000, 0x0000000085800000, 0x0000000085800000|100%| O|  |TAMS 0x0000000085800000, 0x0000000085700000| Updating 
|  10|0x0000000085800000, 0x0000000085900000, 0x0000000085900000|100%| O|  |TAMS 0x0000000085900000, 0x0000000085800000| Updating 
|  11|0x0000000085900000, 0x0000000085a00000, 0x0000000085a00000|100%| O|  |TAMS 0x0000000085a00000, 0x0000000085900000| Updating 
|  12|0x0000000085a00000, 0x0000000085b00000, 0x0000000085b00000|100%| O|  |TAMS 0x0000000085b00000, 0x0000000085a00000| Updating 
|  13|0x0000000085b00000, 0x0000000085c00000, 0x0000000085c00000|100%| O|  |TAMS 0x0000000085c00000, 0x0000000085b00000| Updating 
|  14|0x0000000085c00000, 0x0000000085d00000, 0x0000000085d00000|100%| O|  |TAMS 0x0000000085d00000, 0x0000000085c00000| Updating 
|  15|0x0000000085d00000, 0x0000000085d8f000, 0x0000000085e00000| 55%| O|  |TAMS 0x0000000085d8f000, 0x0000000085d00000| Updating 
|  16|0x0000000085e00000, 0x0000000085f00000, 0x0000000085f00000|100%| O|  |TAMS 0x0000000085e00000, 0x0000000085e00000| Untracked 
|  17|0x0000000085f00000, 0x0000000086000000, 0x0000000086000000|100%| O|  |TAMS 0x0000000086000000, 0x0000000085f00000| Updating 
|  18|0x0000000086000000, 0x0000000086100000, 0x0000000086100000|100%| O|  |TAMS 0x0000000086100000, 0x0000000086000000| Updating 
|  19|0x0000000086100000, 0x0000000086200000, 0x0000000086200000|100%| O|  |TAMS 0x0000000086200000, 0x0000000086100000| Updating 
|  20|0x0000000086200000, 0x0000000086300000, 0x0000000086300000|100%| O|  |TAMS 0x0000000086300000, 0x0000000086200000| Updating 
|  21|0x0000000086300000, 0x0000000086400000, 0x0000000086400000|100%| O|  |TAMS 0x0000000086400000, 0x0000000086300000| Updating 
|  22|0x0000000086400000, 0x0000000086500000, 0x0000000086500000|100%| O|  |TAMS 0x0000000086500000, 0x0000000086400000| Updating 
|  23|0x0000000086500000, 0x0000000086600000, 0x0000000086600000|100%| O|  |TAMS 0x0000000086600000, 0x0000000086500000| Updating 
|  24|0x0000000086600000, 0x0000000086700000, 0x0000000086700000|100%| O|  |TAMS 0x0000000086700000, 0x0000000086600000| Updating 
|  25|0x0000000086700000, 0x0000000086800000, 0x0000000086800000|100%| O|  |TAMS 0x0000000086800000, 0x0000000086700000| Updating 
|  26|0x0000000086800000, 0x0000000086900000, 0x0000000086900000|100%| O|  |TAMS 0x0000000086900000, 0x0000000086800000| Updating 
|  27|0x0000000086900000, 0x0000000086a00000, 0x0000000086a00000|100%| O|  |TAMS 0x0000000086a00000, 0x0000000086900000| Updating 
|  28|0x0000000086a00000, 0x0000000086b00000, 0x0000000086b00000|100%|HS|  |TAMS 0x0000000086b00000, 0x0000000086a00000| Complete 
|  29|0x0000000086b00000, 0x0000000086c00000, 0x0000000086c00000|100%|HC|  |TAMS 0x0000000086c00000, 0x0000000086b00000| Complete 
|  30|0x0000000086c00000, 0x0000000086d00000, 0x0000000086d00000|100%| O|  |TAMS 0x0000000086d00000, 0x0000000086c00000| Updating 
|  31|0x0000000086d00000, 0x0000000086e00000, 0x0000000086e00000|100%| O|  |TAMS 0x0000000086e00000, 0x0000000086d00000| Updating 
|  32|0x0000000086e00000, 0x0000000086f00000, 0x0000000086f00000|100%| O|  |TAMS 0x0000000086f00000, 0x0000000086e00000| Updating 
|  33|0x0000000086f00000, 0x0000000087000000, 0x0000000087000000|100%| O|  |TAMS 0x0000000087000000, 0x0000000086f00000| Updating 
|  34|0x0000000087000000, 0x0000000087100000, 0x0000000087100000|100%| O|  |TAMS 0x0000000087100000, 0x0000000087000000| Updating 
|  35|0x0000000087100000, 0x0000000087200000, 0x0000000087200000|100%| O|  |TAMS 0x0000000087200000, 0x0000000087100000| Updating 
|  36|0x0000000087200000, 0x0000000087300000, 0x0000000087300000|100%| O|  |TAMS 0x0000000087300000, 0x0000000087200000| Updating 
|  37|0x0000000087300000, 0x0000000087400000, 0x0000000087400000|100%| O|  |TAMS 0x0000000087400000, 0x0000000087300000| Updating 
|  38|0x0000000087400000, 0x0000000087500000, 0x0000000087500000|100%| O|  |TAMS 0x0000000087500000, 0x0000000087400000| Updating 
|  39|0x0000000087500000, 0x0000000087600000, 0x0000000087600000|100%| O|  |TAMS 0x0000000087500000, 0x0000000087500000| Untracked 
|  40|0x0000000087600000, 0x0000000087700000, 0x0000000087700000|100%| O|  |TAMS 0x0000000087600000, 0x0000000087600000| Untracked 
|  41|0x0000000087700000, 0x0000000087800000, 0x0000000087800000|100%| O|  |TAMS 0x0000000087700000, 0x0000000087700000| Untracked 
|  42|0x0000000087800000, 0x0000000087900000, 0x0000000087900000|100%| O|  |TAMS 0x0000000087800000, 0x0000000087800000| Untracked 
|  43|0x0000000087900000, 0x0000000087a00000, 0x0000000087a00000|100%| O|  |TAMS 0x0000000087900000, 0x0000000087900000| Untracked 
|  44|0x0000000087a00000, 0x0000000087b00000, 0x0000000087b00000|100%| O|  |TAMS 0x0000000087a00000, 0x0000000087a00000| Untracked 
|  45|0x0000000087b00000, 0x0000000087bf5800, 0x0000000087c00000| 95%| O|  |TAMS 0x0000000087b00000, 0x0000000087b00000| Untracked 
|  46|0x0000000087c00000, 0x0000000087d00000, 0x0000000087d00000|100%|HS|  |TAMS 0x0000000087c00000, 0x0000000087c00000| Complete 
|  47|0x0000000087d00000, 0x0000000087e00000, 0x0000000087e00000|100%|HC|  |TAMS 0x0000000087d00000, 0x0000000087d00000| Complete 
|  48|0x0000000087e00000, 0x0000000087f00000, 0x0000000087f00000|100%|HC|  |TAMS 0x0000000087e00000, 0x0000000087e00000| Complete 
|  49|0x0000000087f00000, 0x0000000087f00000, 0x0000000088000000|  0%| F|  |TAMS 0x0000000087f00000, 0x0000000087f00000| Untracked 
|  50|0x0000000088000000, 0x0000000088000000, 0x0000000088100000|  0%| F|  |TAMS 0x0000000088000000, 0x0000000088000000| Untracked 
|  51|0x0000000088100000, 0x0000000088100000, 0x0000000088200000|  0%| F|  |TAMS 0x0000000088100000, 0x0000000088100000| Untracked 
|  52|0x0000000088200000, 0x0000000088200000, 0x0000000088300000|  0%| F|  |TAMS 0x0000000088200000, 0x0000000088200000| Untracked 
|  53|0x0000000088300000, 0x0000000088300000, 0x0000000088400000|  0%| F|  |TAMS 0x0000000088300000, 0x0000000088300000| Untracked 
|  54|0x0000000088400000, 0x0000000088400000, 0x0000000088500000|  0%| F|  |TAMS 0x0000000088400000, 0x0000000088400000| Untracked 
|  55|0x0000000088500000, 0x0000000088500000, 0x0000000088600000|  0%| F|  |TAMS 0x0000000088500000, 0x0000000088500000| Untracked 
|  56|0x0000000088600000, 0x0000000088600000, 0x0000000088700000|  0%| F|  |TAMS 0x0000000088600000, 0x0000000088600000| Untracked 
|  57|0x0000000088700000, 0x0000000088700000, 0x0000000088800000|  0%| F|  |TAMS 0x0000000088700000, 0x0000000088700000| Untracked 
|  58|0x0000000088800000, 0x0000000088800000, 0x0000000088900000|  0%| F|  |TAMS 0x0000000088800000, 0x0000000088800000| Untracked 
|  59|0x0000000088900000, 0x0000000088900000, 0x0000000088a00000|  0%| F|  |TAMS 0x0000000088900000, 0x0000000088900000| Untracked 
|  60|0x0000000088a00000, 0x0000000088a00000, 0x0000000088b00000|  0%| F|  |TAMS 0x0000000088a00000, 0x0000000088a00000| Untracked 
|  61|0x0000000088b00000, 0x0000000088b00000, 0x0000000088c00000|  0%| F|  |TAMS 0x0000000088b00000, 0x0000000088b00000| Untracked 
|  62|0x0000000088c00000, 0x0000000088c00000, 0x0000000088d00000|  0%| F|  |TAMS 0x0000000088c00000, 0x0000000088c00000| Untracked 
|  63|0x0000000088d00000, 0x0000000088d00000, 0x0000000088e00000|  0%| F|  |TAMS 0x0000000088d00000, 0x0000000088d00000| Untracked 
|  64|0x0000000088e00000, 0x0000000088e00000, 0x0000000088f00000|  0%| F|  |TAMS 0x0000000088e00000, 0x0000000088e00000| Untracked 
|  65|0x0000000088f00000, 0x0000000088f00000, 0x0000000089000000|  0%| F|  |TAMS 0x0000000088f00000, 0x0000000088f00000| Untracked 
|  66|0x0000000089000000, 0x0000000089000000, 0x0000000089100000|  0%| F|  |TAMS 0x0000000089000000, 0x0000000089000000| Untracked 
|  67|0x0000000089100000, 0x0000000089100000, 0x0000000089200000|  0%| F|  |TAMS 0x0000000089100000, 0x0000000089100000| Untracked 
|  68|0x0000000089200000, 0x0000000089200000, 0x0000000089300000|  0%| F|  |TAMS 0x0000000089200000, 0x0000000089200000| Untracked 
|  69|0x0000000089300000, 0x0000000089300000, 0x0000000089400000|  0%| F|  |TAMS 0x0000000089300000, 0x0000000089300000| Untracked 
|  70|0x0000000089400000, 0x0000000089400000, 0x0000000089500000|  0%| F|  |TAMS 0x0000000089400000, 0x0000000089400000| Untracked 
|  71|0x0000000089500000, 0x0000000089500000, 0x0000000089600000|  0%| F|  |TAMS 0x0000000089500000, 0x0000000089500000| Untracked 
|  72|0x0000000089600000, 0x0000000089600000, 0x0000000089700000|  0%| F|  |TAMS 0x0000000089600000, 0x0000000089600000| Untracked 
|  73|0x0000000089700000, 0x0000000089700000, 0x0000000089800000|  0%| F|  |TAMS 0x0000000089700000, 0x0000000089700000| Untracked 
|  74|0x0000000089800000, 0x0000000089800000, 0x0000000089900000|  0%| F|  |TAMS 0x0000000089800000, 0x0000000089800000| Untracked 
|  75|0x0000000089900000, 0x0000000089a00000, 0x0000000089a00000|100%| S|CS|TAMS 0x0000000089900000, 0x0000000089900000| Complete 
|  76|0x0000000089a00000, 0x0000000089b00000, 0x0000000089b00000|100%| S|CS|TAMS 0x0000000089a00000, 0x0000000089a00000| Complete 
|  77|0x0000000089b00000, 0x0000000089c00000, 0x0000000089c00000|100%| S|CS|TAMS 0x0000000089b00000, 0x0000000089b00000| Complete 
|  78|0x0000000089c00000, 0x0000000089c00000, 0x0000000089d00000|  0%| F|  |TAMS 0x0000000089c00000, 0x0000000089c00000| Untracked 
|  79|0x0000000089d00000, 0x0000000089d00000, 0x0000000089e00000|  0%| F|  |TAMS 0x0000000089d00000, 0x0000000089d00000| Untracked 
|  80|0x0000000089e00000, 0x0000000089e00000, 0x0000000089f00000|  0%| F|  |TAMS 0x0000000089e00000, 0x0000000089e00000| Untracked 
|  81|0x0000000089f00000, 0x0000000089f00000, 0x000000008a000000|  0%| F|  |TAMS 0x0000000089f00000, 0x0000000089f00000| Untracked 
|  82|0x000000008a000000, 0x000000008a000000, 0x000000008a100000|  0%| F|  |TAMS 0x000000008a000000, 0x000000008a000000| Untracked 
|  83|0x000000008a100000, 0x000000008a100000, 0x000000008a200000|  0%| F|  |TAMS 0x000000008a100000, 0x000000008a100000| Untracked 
|  84|0x000000008a200000, 0x000000008a200000, 0x000000008a300000|  0%| F|  |TAMS 0x000000008a200000, 0x000000008a200000| Untracked 
|  85|0x000000008a300000, 0x000000008a300000, 0x000000008a400000|  0%| F|  |TAMS 0x000000008a300000, 0x000000008a300000| Untracked 
|  86|0x000000008a400000, 0x000000008a400000, 0x000000008a500000|  0%| F|  |TAMS 0x000000008a400000, 0x000000008a400000| Untracked 
|  87|0x000000008a500000, 0x000000008a500000, 0x000000008a600000|  0%| F|  |TAMS 0x000000008a500000, 0x000000008a500000| Untracked 
|  88|0x000000008a600000, 0x000000008a600000, 0x000000008a700000|  0%| F|  |TAMS 0x000000008a600000, 0x000000008a600000| Untracked 
|  89|0x000000008a700000, 0x000000008a74f5f8, 0x000000008a800000| 31%| E|  |TAMS 0x000000008a700000, 0x000000008a700000| Complete 
|  90|0x000000008a800000, 0x000000008a900000, 0x000000008a900000|100%| E|CS|TAMS 0x000000008a800000, 0x000000008a800000| Complete 
| 105|0x000000008b700000, 0x000000008b800000, 0x000000008b800000|100%| E|CS|TAMS 0x000000008b700000, 0x000000008b700000| Complete 
| 106|0x000000008b800000, 0x000000008b900000, 0x000000008b900000|100%| E|CS|TAMS 0x000000008b800000, 0x000000008b800000| Complete 
| 107|0x000000008b900000, 0x000000008ba00000, 0x000000008ba00000|100%| E|CS|TAMS 0x000000008b900000, 0x000000008b900000| Complete 
| 122|0x000000008c800000, 0x000000008c900000, 0x000000008c900000|100%| E|CS|TAMS 0x000000008c800000, 0x000000008c800000| Complete 
| 123|0x000000008c900000, 0x000000008ca00000, 0x000000008ca00000|100%| E|CS|TAMS 0x000000008c900000, 0x000000008c900000| Complete 
|1962|0x00000000ff800000, 0x00000000ff900000, 0x00000000ff900000|100%| O|  |TAMS 0x00000000ff900000, 0x00000000ff800000| Updating 
|1963|0x00000000ff900000, 0x00000000ffa00000, 0x00000000ffa00000|100%| O|  |TAMS 0x00000000ffa00000, 0x00000000ff900000| Updating 
|1964|0x00000000ffa00000, 0x00000000ffb00000, 0x00000000ffb00000|100%| O|  |TAMS 0x00000000ffb00000, 0x00000000ffa00000| Updating 
|1965|0x00000000ffb00000, 0x00000000ffc00000, 0x00000000ffc00000|100%| O|  |TAMS 0x00000000ffc00000, 0x00000000ffb00000| Updating 
|1966|0x00000000ffc00000, 0x00000000ffd00000, 0x00000000ffd00000|100%| O|  |TAMS 0x00000000ffd00000, 0x00000000ffc00000| Updating 
|1967|0x00000000ffd00000, 0x00000000ffe00000, 0x00000000ffe00000|100%| O|  |TAMS 0x00000000ffe00000, 0x00000000ffd00000| Updating 
|1968|0x00000000ffe00000, 0x00000000fff00000, 0x00000000fff00000|100%| O|  |TAMS 0x00000000fff00000, 0x00000000ffe00000| Updating 
|1969|0x00000000fff00000, 0x0000000100000000, 0x0000000100000000|100%| O|  |TAMS 0x0000000100000000, 0x00000000fff00000| Updating 

Card table byte_map: [0x000002ac7cb00000,0x000002ac7cee0000] _byte_map_base: 0x000002ac7c6d9000

Marking Bits (Prev, Next): (CMBitMap*) 0x000002ac7c691578, (CMBitMap*) 0x000002ac7c691538
 Prev Bits: [0x000002ac12bf0000, 0x000002ac14ab8000)
 Next Bits: [0x000002ac7d2c0000, 0x000002ac7f188000)

Polling page: 0x000002ac7a4b0000

Metaspace:

Usage:
  Non-class:     22.17 MB capacity,    21.96 MB (>99%) used,   169.43 KB ( <1%) free+waste,    43.56 KB ( <1%) overhead. 
      Class:      2.97 MB capacity,     2.82 MB ( 95%) used,   128.66 KB (  4%) free+waste,    22.06 KB ( <1%) overhead. 
       Both:     25.14 MB capacity,    24.78 MB ( 99%) used,   298.09 KB (  1%) free+waste,    65.63 KB ( <1%) overhead. 

Virtual space:
  Non-class space:       24.00 MB reserved,      22.25 MB ( 93%) committed 
      Class space:        1.00 GB reserved,       3.00 MB ( <1%) committed 
             Both:        1.02 GB reserved,      25.25 MB (  2%) committed 

Chunk freelists:
   Non-Class:  15.00 KB
       Class:  2.00 KB
        Both:  17.00 KB

MaxMetaspaceSize: 17179869184.00 GB
CompressedClassSpaceSize: 1.00 GB

CodeHeap 'non-profiled nmethods': size=120000Kb used=1104Kb max_used=1104Kb free=118895Kb
 bounds [0x000002ac0b6c0000, 0x000002ac0b930000, 0x000002ac12bf0000]
CodeHeap 'profiled nmethods': size=120000Kb used=4618Kb max_used=4618Kb free=115381Kb
 bounds [0x000002ac04190000, 0x000002ac04620000, 0x000002ac0b6c0000]
CodeHeap 'non-nmethods': size=5760Kb used=1331Kb max_used=1391Kb free=4428Kb
 bounds [0x000002ac03bf0000, 0x000002ac03e60000, 0x000002ac04190000]
 total_blobs=2970 nmethods=2341 adapters=541
 compilation: enabled
              stopped_count=0, restarted_count=0
 full_count=0

Compilation events (20 events):
Event: 4.180 Thread 0x000002ac199f4800 nmethod 2331 0x000002ac0b7b3c10 code [0x000002ac0b7b47a0, 0x000002ac0b7b7960]
Event: 4.180 Thread 0x000002ac199f4800 2335       4       com.hp.hpl.jena.reasoner.rulesys.builtins.Equal::bodyCall (96 bytes)
Event: 4.233 Thread 0x000002ac199f4800 nmethod 2335 0x000002ac0b7b9a90 code [0x000002ac0b7ba200, 0x000002ac0b7bc150]
Event: 4.233 Thread 0x000002ac199f4800 2330       4       com.hp.hpl.jena.reasoner.rulesys.impl.RETETerminal::fire (42 bytes)
Event: 4.237 Thread 0x000002ac199f4800 nmethod 2330 0x000002ac0b7bd690 code [0x000002ac0b7bd860, 0x000002ac0b7bdaf8]
Event: 4.237 Thread 0x000002ac199f4800 2333       4       com.hp.hpl.jena.graph.Node_Literal::sameValueAs (35 bytes)
Event: 4.247 Thread 0x000002ac199f4800 nmethod 2333 0x000002ac0b7bdd10 code [0x000002ac0b7bdfc0, 0x000002ac0b7be878]
Event: 4.247 Thread 0x000002ac199f4800 2334       4       com.hp.hpl.jena.graph.impl.LiteralLabelImpl::sameValueAs (49 bytes)
Event: 4.256 Thread 0x000002ac199f4800 nmethod 2334 0x000002ac0b7bed10 code [0x000002ac0b7bef60, 0x000002ac0b7bf6b8]
Event: 4.256 Thread 0x000002ac199f4800 2336       4       com.hp.hpl.jena.graph.impl.LiteralLabelImpl::sameByFormAndLanguage (42 bytes)
Event: 4.265 Thread 0x000002ac199f4800 nmethod 2336 0x000002ac0b7bfa90 code [0x000002ac0b7bfcc0, 0x000002ac0b7c03c8]
Event: 4.287 Thread 0x000002ac199f4800 2343       4       com.hp.hpl.jena.reasoner.rulesys.impl.BindingVector::<init> (10 bytes)
Event: 4.289 Thread 0x000002ac199f4800 nmethod 2343 0x000002ac0b7c0790 code [0x000002ac0b7c0900, 0x000002ac0b7c0a18]
Event: 4.562 Thread 0x000002ac16afb800 nmethod 2313 0x000002ac0b7c0a90 code [0x000002ac0b7c1ee0, 0x000002ac0b7cd300]
Event: 4.889 Thread 0x000002ac16afc800 2344       3       java.util.HashMap::resize (356 bytes)
Event: 4.890 Thread 0x000002ac16afc800 nmethod 2344 0x000002ac04610f90 code [0x000002ac04611240, 0x000002ac046125e8]
Event: 4.903 Thread 0x000002ac16afb800 2345 %     4       java.util.HashMap::resize @ 151 (356 bytes)
Event: 4.926 Thread 0x000002ac16afb800 nmethod 2345% 0x000002ac0b7d1f10 code [0x000002ac0b7d2100, 0x000002ac0b7d2be8]
Event: 4.926 Thread 0x000002ac16afb800 2346       4       java.util.HashMap::resize (356 bytes)
Event: 4.959 Thread 0x000002ac16afb800 nmethod 2346 0x000002ac0b7d2e90 code [0x000002ac0b7d30a0, 0x000002ac0b7d3e68]

GC Heap History (14 events):
Event: 1.400 GC heap before
{Heap before GC invocations=0 (full 0):
 garbage-first heap   total 126976K, used 18432K [0x0000000084e00000, 0x0000000100000000)
  region size 1024K, 13 young (13312K), 0 survivors (0K)
 Metaspace       used 16040K, capacity 16267K, committed 16512K, reserved 1064960K
  class space    used 1804K, capacity 1898K, committed 1920K, reserved 1048576K
}
Event: 1.405 GC heap after
{Heap after GC invocations=1 (full 0):
 garbage-first heap   total 126976K, used 8172K [0x0000000084e00000, 0x0000000100000000)
  region size 1024K, 2 young (2048K), 2 survivors (2048K)
 Metaspace       used 16040K, capacity 16267K, committed 16512K, reserved 1064960K
  class space    used 1804K, capacity 1898K, committed 1920K, reserved 1048576K
}
Event: 1.921 GC heap before
{Heap before GC invocations=1 (full 0):
 garbage-first heap   total 126976K, used 20460K [0x0000000084e00000, 0x0000000100000000)
  region size 1024K, 14 young (14336K), 2 survivors (2048K)
 Metaspace       used 19133K, capacity 19440K, committed 19456K, reserved 1067008K
  class space    used 2173K, capacity 2295K, committed 2304K, reserved 1048576K
}
Event: 1.928 GC heap after
{Heap after GC invocations=2 (full 0):
 garbage-first heap   total 126976K, used 10641K [0x0000000084e00000, 0x0000000100000000)
  region size 1024K, 2 young (2048K), 2 survivors (2048K)
 Metaspace       used 19133K, capacity 19440K, committed 19456K, reserved 1067008K
  class space    used 2173K, capacity 2295K, committed 2304K, reserved 1048576K
}
Event: 2.320 GC heap before
{Heap before GC invocations=2 (full 0):
 garbage-first heap   total 126976K, used 22929K [0x0000000084e00000, 0x0000000100000000)
  region size 1024K, 16 young (16384K), 2 survivors (2048K)
 Metaspace       used 20855K, capacity 21125K, committed 21248K, reserved 1069056K
  class space    used 2367K, capacity 2495K, committed 2560K, reserved 1048576K
}
Event: 2.329 GC heap after
{Heap after GC invocations=3 (full 0):
 garbage-first heap   total 126976K, used 19004K [0x0000000084e00000, 0x0000000100000000)
  region size 1024K, 3 young (3072K), 3 survivors (3072K)
 Metaspace       used 20855K, capacity 21125K, committed 21248K, reserved 1069056K
  class space    used 2367K, capacity 2495K, committed 2560K, reserved 1048576K
}
Event: 4.076 GC heap before
{Heap before GC invocations=4 (full 0):
 garbage-first heap   total 71680K, used 59964K [0x0000000084e00000, 0x0000000100000000)
  region size 1024K, 42 young (43008K), 3 survivors (3072K)
 Metaspace       used 25376K, capacity 25743K, committed 25856K, reserved 1073152K
  class space    used 2887K, capacity 3038K, committed 3072K, reserved 1048576K
}
Event: 4.126 GC heap after
{Heap after GC invocations=5 (full 0):
 garbage-first heap   total 79872K, used 35868K [0x0000000084e00000, 0x0000000100000000)
  region size 1024K, 6 young (6144K), 6 survivors (6144K)
 Metaspace       used 25376K, capacity 25743K, committed 25856K, reserved 1073152K
  class space    used 2887K, capacity 3038K, committed 3072K, reserved 1048576K
}
Event: 4.336 GC heap before
{Heap before GC invocations=5 (full 0):
 garbage-first heap   total 79872K, used 46108K [0x0000000084e00000, 0x0000000100000000)
  region size 1024K, 14 young (14336K), 6 survivors (6144K)
 Metaspace       used 25379K, capacity 25743K, committed 25856K, reserved 1073152K
  class space    used 2887K, capacity 3038K, committed 3072K, reserved 1048576K
}
Event: 4.373 GC heap after
{Heap after GC invocations=6 (full 0):
 garbage-first heap   total 79872K, used 43034K [0x0000000084e00000, 0x0000000100000000)
  region size 1024K, 2 young (2048K), 2 survivors (2048K)
 Metaspace       used 25379K, capacity 25743K, committed 25856K, reserved 1073152K
  class space    used 2887K, capacity 3038K, committed 3072K, reserved 1048576K
}
Event: 4.574 GC heap before
{Heap before GC invocations=6 (full 0):
 garbage-first heap   total 79872K, used 55322K [0x0000000084e00000, 0x0000000100000000)
  region size 1024K, 14 young (14336K), 2 survivors (2048K)
 Metaspace       used 25379K, capacity 25743K, committed 25856K, reserved 1073152K
  class space    used 2887K, capacity 3038K, committed 3072K, reserved 1048576K
}
Event: 4.599 GC heap after
{Heap after GC invocations=7 (full 0):
 garbage-first heap   total 106496K, used 49724K [0x0000000084e00000, 0x0000000100000000)
  region size 1024K, 2 young (2048K), 2 survivors (2048K)
 Metaspace       used 25379K, capacity 25743K, committed 25856K, reserved 1073152K
  class space    used 2887K, capacity 3038K, committed 3072K, reserved 1048576K
}
Event: 4.833 GC heap before
{Heap before GC invocations=8 (full 0):
 garbage-first heap   total 106496K, used 66108K [0x0000000084e00000, 0x0000000100000000)
  region size 1024K, 20 young (20480K), 2 survivors (2048K)
 Metaspace       used 25379K, capacity 25743K, committed 25856K, reserved 1073152K
  class space    used 2887K, capacity 3038K, committed 3072K, reserved 1048576K
}
Event: 4.867 GC heap after
{Heap after GC invocations=9 (full 0):
 garbage-first heap   total 106496K, used 57874K [0x0000000084e00000, 0x0000000100000000)
  region size 1024K, 3 young (3072K), 3 survivors (3072K)
 Metaspace       used 25379K, capacity 25743K, committed 25856K, reserved 1073152K
  class space    used 2887K, capacity 3038K, committed 3072K, reserved 1048576K
}

Deoptimization events (20 events):
Event: 2.803 Thread 0x000002ac7c652800 Uncommon trap: trap_request=0xffffff45 fr.pc=0x000002ac0b6dd270 relative=0x0000000000000230
Event: 2.803 Thread 0x000002ac7c652800 Uncommon trap: reason=unstable_if action=reinterpret pc=0x000002ac0b6dd270 method=java.lang.String.hashCode()I @ 20 c2
Event: 2.803 Thread 0x000002ac7c652800 DEOPT PACKING pc=0x000002ac0b6dd270 sp=0x000000b2eeefe310
Event: 2.803 Thread 0x000002ac7c652800 DEOPT UNPACKING pc=0x000002ac03c3912f sp=0x000000b2eeefe2a8 mode 2
Event: 2.894 Thread 0x000002ac7c652800 Uncommon trap: trap_request=0xffffffc6 fr.pc=0x000002ac0b759618 relative=0x0000000000000838
Event: 2.894 Thread 0x000002ac7c652800 Uncommon trap: reason=bimorphic_or_optimized_type_check action=maybe_recompile pc=0x000002ac0b759618 method=java.util.HashMap.putVal(ILjava/lang/Object;Ljava/lang/Object;ZZ)Ljava/lang/Object; @ 203 c2
Event: 2.894 Thread 0x000002ac7c652800 DEOPT PACKING pc=0x000002ac0b759618 sp=0x000000b2eeefdd30
Event: 2.894 Thread 0x000002ac7c652800 DEOPT UNPACKING pc=0x000002ac03c3912f sp=0x000000b2eeefdc40 mode 2
Event: 2.901 Thread 0x000002ac7c652800 Uncommon trap: trap_request=0xffffff45 fr.pc=0x000002ac0b73984c relative=0x00000000000002ec
Event: 2.901 Thread 0x000002ac7c652800 Uncommon trap: reason=unstable_if action=reinterpret pc=0x000002ac0b73984c method=java.util.HashMap.getNode(ILjava/lang/Object;)Ljava/util/HashMap$Node; @ 62 c2
Event: 2.901 Thread 0x000002ac7c652800 DEOPT PACKING pc=0x000002ac0b73984c sp=0x000000b2eeefd850
Event: 2.901 Thread 0x000002ac7c652800 DEOPT UNPACKING pc=0x000002ac03c3912f sp=0x000000b2eeefd770 mode 2
Event: 3.036 Thread 0x000002ac7c652800 Uncommon trap: trap_request=0xfffffff4 fr.pc=0x000002ac0b7712c4 relative=0x0000000000001a64
Event: 3.036 Thread 0x000002ac7c652800 Uncommon trap: reason=null_check action=make_not_entrant pc=0x000002ac0b7712c4 method=com.hp.hpl.jena.reasoner.rulesys.impl.RETEQueue.fire(Lcom/hp/hpl/jena/reasoner/rulesys/impl/BindingVector;Z)V @ 8 c2
Event: 3.036 Thread 0x000002ac7c652800 DEOPT PACKING pc=0x000002ac0b7712c4 sp=0x000000b2eeefde90
Event: 3.036 Thread 0x000002ac7c652800 DEOPT UNPACKING pc=0x000002ac03c3912f sp=0x000000b2eeefddc8 mode 2
Event: 4.888 Thread 0x000002ac7c652800 Uncommon trap: trap_request=0xffffff45 fr.pc=0x000002ac0b76ec38 relative=0x00000000000009f8
Event: 4.888 Thread 0x000002ac7c652800 Uncommon trap: reason=unstable_if action=reinterpret pc=0x000002ac0b76ec38 method=java.util.HashMap.resize()[Ljava/util/HashMap$Node; @ 203 c2
Event: 4.888 Thread 0x000002ac7c652800 DEOPT PACKING pc=0x000002ac0b76ec38 sp=0x000000b2eeefdac0
Event: 4.888 Thread 0x000002ac7c652800 DEOPT UNPACKING pc=0x000002ac03c3912f sp=0x000000b2eeefda60 mode 2

Classes unloaded (0 events):
No events

Classes redefined (0 events):
No events

Internal exceptions (20 events):
Event: 1.125 Thread 0x000002ac7c652800 Exception <a 'java/lang/ClassNotFoundException'{0x000000008c012918}: org/apache/log4j/PatternLayoutBeanInfo> (0x000000008c012918) 
thrown [./open/src/hotspot/share/classfile/systemDictionary.cpp, line 226]
Event: 1.125 Thread 0x000002ac7c652800 Exception <a 'java/lang/ClassNotFoundException'{0x000000008c015af0}: org/apache/log4j/LayoutBeanInfo> (0x000000008c015af0) 
thrown [./open/src/hotspot/share/classfile/systemDictionary.cpp, line 226]
Event: 1.126 Thread 0x000002ac7c652800 Exception <a 'java/lang/ClassNotFoundException'{0x000000008c0167f0}: java/lang/ObjectBeanInfo> (0x000000008c0167f0) 
thrown [./open/src/hotspot/share/classfile/systemDictionary.cpp, line 226]
Event: 1.126 Thread 0x000002ac7c652800 Exception <a 'java/lang/ClassNotFoundException'{0x000000008c017c20}: java/lang/ObjectCustomizer> (0x000000008c017c20) 
thrown [./open/src/hotspot/share/classfile/systemDictionary.cpp, line 226]
Event: 1.151 Thread 0x000002ac7c652800 Exception <a 'java/lang/IncompatibleClassChangeError'{0x000000008c01e638}: Found class java.lang.Object, but interface was expected> (0x000000008c01e638) 
thrown [./open/src/hotspot/share/interpreter/linkResolver.cpp, line 832]
Event: 1.162 Thread 0x000002ac7c652800 Exception <a 'java/lang/ClassNotFoundException'{0x000000008c031130}: org/apache/log4j/LayoutCustomizer> (0x000000008c031130) 
thrown [./open/src/hotspot/share/classfile/systemDictionary.cpp, line 226]
Event: 1.166 Thread 0x000002ac7c652800 Exception <a 'java/lang/ClassNotFoundException'{0x000000008c0411b8}: org/apache/log4j/PatternLayoutCustomizer> (0x000000008c0411b8) 
thrown [./open/src/hotspot/share/classfile/systemDictionary.cpp, line 226]
Event: 1.171 Thread 0x000002ac7c652800 Exception <a 'java/lang/ClassNotFoundException'{0x000000008c049d10}: org/apache/log4j/ConsoleAppenderBeanInfo> (0x000000008c049d10) 
thrown [./open/src/hotspot/share/classfile/systemDictionary.cpp, line 226]
Event: 1.172 Thread 0x000002ac7c652800 Exception <a 'java/lang/ClassNotFoundException'{0x000000008c04d0e8}: org/apache/log4j/WriterAppenderBeanInfo> (0x000000008c04d0e8) 
thrown [./open/src/hotspot/share/classfile/systemDictionary.cpp, line 226]
Event: 1.172 Thread 0x000002ac7c652800 Exception <a 'java/lang/ClassNotFoundException'{0x000000008c050510}: org/apache/log4j/AppenderSkeletonBeanInfo> (0x000000008c050510) 
thrown [./open/src/hotspot/share/classfile/systemDictionary.cpp, line 226]
Event: 1.173 Thread 0x000002ac7c652800 Exception <a 'java/lang/ClassNotFoundException'{0x000000008c053ae8}: org/apache/log4j/AppenderSkeletonCustomizer> (0x000000008c053ae8) 
thrown [./open/src/hotspot/share/classfile/systemDictionary.cpp, line 226]
Event: 1.176 Thread 0x000002ac7c652800 Exception <a 'java/lang/ClassNotFoundException'{0x000000008c065100}: org/apache/log4j/WriterAppenderCustomizer> (0x000000008c065100) 
thrown [./open/src/hotspot/share/classfile/systemDictionary.cpp, line 226]
Event: 1.181 Thread 0x000002ac7c652800 Exception <a 'java/lang/ClassNotFoundException'{0x000000008c0728b0}: org/apache/log4j/ConsoleAppenderCustomizer> (0x000000008c0728b0) 
thrown [./open/src/hotspot/share/classfile/systemDictionary.cpp, line 226]
Event: 1.314 Thread 0x000002ac7c652800 Exception <a 'java/lang/NoSuchMethodError'{0x000000008be62bd0}: 'int java.lang.invoke.DirectMethodHandle$Holder.invokeSpecialIFC(java.lang.Object, java.lang.Object, int)'> (0x000000008be62bd0) 
thrown [./open/src/hotspot/share/interpreter/linkResolver.cpp, line 766]
Event: 1.974 Thread 0x000002ac7c652800 Exception <a 'java/lang/NoSuchMethodError'{0x000000008c820720}: 'java.lang.Object java.lang.invoke.DirectMethodHandle$Holder.invokeStaticInit(java.lang.Object, int, int, int, int)'> (0x000000008c820720) 
thrown [./open/src/hotspot/share/interpreter/linkResolver.cpp, line 766]
Event: 2.038 Thread 0x000002ac7c652800 Exception <a 'java/lang/NoSuchMethodError'{0x000000008c8631e8}: 'java.lang.Object java.lang.invoke.DirectMethodHandle$Holder.invokeStaticInit(java.lang.Object, java.lang.Object, int, int, int, int)'> (0x000000008c8631e8) 
thrown [./open/src/hotspot/share/interpreter/linkResolver.cpp, line 766]
Event: 2.462 Thread 0x000002ac7c652800 Exception <a 'java/lang/NoSuchMethodError'{0x0000000088ea6760}: 'java.lang.Object java.lang.invoke.DirectMethodHandle$Holder.invokeStaticInit(java.lang.Object, java.lang.Object, java.lang.Object)'> (0x0000000088ea6760) 
thrown [./open/src/hotspot/share/interpreter/linkResolver.cpp, line 766]
Event: 2.473 Thread 0x000002ac7c652800 Exception <a 'java/lang/NoSuchMethodError'{0x0000000088ebef58}: 'int java.lang.invoke.DirectMethodHandle$Holder.invokeInterface(java.lang.Object, java.lang.Object)'> (0x0000000088ebef58) 
thrown [./open/src/hotspot/share/interpreter/linkResolver.cpp, line 766]
Event: 2.474 Thread 0x000002ac7c652800 Exception <a 'java/lang/IncompatibleClassChangeError'{0x0000000088ec1a60}: Found class java.lang.Object, but interface was expected> (0x0000000088ec1a60) 
thrown [./open/src/hotspot/share/interpreter/linkResolver.cpp, line 832]
Event: 3.036 Thread 0x000002ac7c652800 Implicit null exception at 0x000002ac0b76f9d4 to 0x000002ac0b7712a8

Events (20 events):
Event: 2.828 loading class sun/nio/cs/UTF_8$Encoder
Event: 2.829 loading class sun/nio/cs/UTF_8$Encoder done
Event: 2.862 Executing VM operation: ICBufferFull
Event: 2.867 Executing VM operation: ICBufferFull done
Event: 2.907 Executing VM operation: HandshakeAllThreads
Event: 2.907 Executing VM operation: HandshakeAllThreads done
Event: 4.076 Executing VM operation: G1CollectForAllocation
Event: 4.127 Executing VM operation: G1CollectForAllocation done
Event: 4.336 Executing VM operation: G1CollectForAllocation
Event: 4.373 Executing VM operation: G1CollectForAllocation done
Event: 4.574 Executing VM operation: G1CollectForAllocation
Event: 4.599 Executing VM operation: G1CollectForAllocation done
Event: 4.741 Executing VM operation: G1Concurrent
Event: 4.743 Executing VM operation: G1Concurrent done
Event: 4.825 Executing VM operation: G1Concurrent
Event: 4.825 Executing VM operation: G1Concurrent done
Event: 4.832 Executing VM operation: G1TryInitiateConcMark
Event: 4.867 Executing VM operation: G1TryInitiateConcMark done
Event: 4.889 Thread 0x000002ac199f4800 Thread exited: 0x000002ac199f4800
Event: 5.083 Executing VM operation: G1Concurrent


Dynamic libraries:
0x00007ff7d4840000 - 0x00007ff7d484d000 	C:\Users\utilisateur\.p2\pool\plugins\org.eclipse.justj.openjdk.hotspot.jre.full.win32.x86_64_14.0.2.v20200815-0932\jre\bin\javaw.exe
0x00007ff9cbca0000 - 0x00007ff9cbe90000 	C:\windows\SYSTEM32\ntdll.dll
0x00007ff9cb6d0000 - 0x00007ff9cb782000 	C:\windows\System32\KERNEL32.DLL
0x00007ff9c9290000 - 0x00007ff9c9535000 	C:\windows\System32\KERNELBASE.dll
0x00007ff9c9190000 - 0x00007ff9c928a000 	C:\windows\System32\ucrtbase.dll
0x00007ff9abc90000 - 0x00007ff9abca5000 	C:\Users\utilisateur\.p2\pool\plugins\org.eclipse.justj.openjdk.hotspot.jre.full.win32.x86_64_14.0.2.v20200815-0932\jre\bin\VCRUNTIME140.dll
0x00007ff9b7860000 - 0x00007ff9b7878000 	C:\Users\utilisateur\.p2\pool\plugins\org.eclipse.justj.openjdk.hotspot.jre.full.win32.x86_64_14.0.2.v20200815-0932\jre\bin\jli.dll
0x00007ff9b7070000 - 0x00007ff9b72f4000 	C:\windows\WinSxS\amd64_microsoft.windows.common-controls_6595b64144ccf1df_6.0.18362.1440_none_9e7dbfb9e45e8e67\COMCTL32.dll
0x00007ff9c9e70000 - 0x00007ff9ca004000 	C:\windows\System32\USER32.dll
0x00007ff9cb920000 - 0x00007ff9cb9be000 	C:\windows\System32\msvcrt.dll
0x00007ff9cb320000 - 0x00007ff9cb656000 	C:\windows\System32\combase.dll
0x00007ff9c8e50000 - 0x00007ff9c8e71000 	C:\windows\System32\win32u.dll
0x00007ff9c9d50000 - 0x00007ff9c9e6f000 	C:\windows\System32\RPCRT4.dll
0x00007ff9ca010000 - 0x00007ff9ca036000 	C:\windows\System32\GDI32.dll
0x00007ff9c9cc0000 - 0x00007ff9c9d41000 	C:\windows\System32\bcryptPrimitives.dll
0x00007ff9c8c10000 - 0x00007ff9c8da8000 	C:\windows\System32\gdi32full.dll
0x00007ff9c8f30000 - 0x00007ff9c8fce000 	C:\windows\System32\msvcp_win.dll
0x00007ff9cb8f0000 - 0x00007ff9cb91e000 	C:\windows\System32\IMM32.DLL
0x00007ff9abbf0000 - 0x00007ff9abc8b000 	C:\Users\utilisateur\.p2\pool\plugins\org.eclipse.justj.openjdk.hotspot.jre.full.win32.x86_64_14.0.2.v20200815-0932\jre\bin\msvcp140.dll
0x00007ff95cd20000 - 0x00007ff95d83e000 	C:\Users\utilisateur\.p2\pool\plugins\org.eclipse.justj.openjdk.hotspot.jre.full.win32.x86_64_14.0.2.v20200815-0932\jre\bin\server\jvm.dll
0x00007ff9ca750000 - 0x00007ff9ca7f3000 	C:\windows\System32\ADVAPI32.dll
0x00007ff9cb850000 - 0x00007ff9cb8e7000 	C:\windows\System32\sechost.dll
0x00007ff9ca800000 - 0x00007ff9ca808000 	C:\windows\System32\PSAPI.DLL
0x00007ff9b4b80000 - 0x00007ff9b4b89000 	C:\windows\SYSTEM32\WSOCK32.dll
0x00007ff9c6b80000 - 0x00007ff9c6ba4000 	C:\windows\SYSTEM32\WINMM.dll
0x00007ff9cb660000 - 0x00007ff9cb6cf000 	C:\windows\System32\WS2_32.dll
0x00007ff9b7fa0000 - 0x00007ff9b7faa000 	C:\windows\SYSTEM32\VERSION.dll
0x00007ff9c6b50000 - 0x00007ff9c6b7d000 	C:\windows\SYSTEM32\WINMMBASE.dll
0x00007ff9c8e00000 - 0x00007ff9c8e4a000 	C:\windows\System32\cfgmgr32.dll
0x00007ff9c8bb0000 - 0x00007ff9c8bc1000 	C:\windows\System32\kernel.appcore.dll
0x00007ff9c5350000 - 0x00007ff9c535a000 	C:\Users\utilisateur\.p2\pool\plugins\org.eclipse.justj.openjdk.hotspot.jre.full.win32.x86_64_14.0.2.v20200815-0932\jre\bin\jimage.dll
0x00007ff9b69b0000 - 0x00007ff9b6ba4000 	C:\windows\SYSTEM32\DBGHELP.DLL
0x00007ff9b6930000 - 0x00007ff9b695a000 	C:\windows\SYSTEM32\dbgcore.DLL
0x00007ff9bcb20000 - 0x00007ff9bcb45000 	C:\Users\utilisateur\.p2\pool\plugins\org.eclipse.justj.openjdk.hotspot.jre.full.win32.x86_64_14.0.2.v20200815-0932\jre\bin\java.dll
0x00007ff9c2c80000 - 0x00007ff9c2c96000 	C:\Users\utilisateur\.p2\pool\plugins\org.eclipse.justj.openjdk.hotspot.jre.full.win32.x86_64_14.0.2.v20200815-0932\jre\bin\zip.dll
0x00007ff9cab60000 - 0x00007ff9cb248000 	C:\windows\System32\SHELL32.dll
0x00007ff9caab0000 - 0x00007ff9cab57000 	C:\windows\System32\shcore.dll
0x00007ff9c9540000 - 0x00007ff9c9cbb000 	C:\windows\System32\windows.storage.dll
0x00007ff9c8bf0000 - 0x00007ff9c8c0e000 	C:\windows\System32\profapi.dll
0x00007ff9c8b60000 - 0x00007ff9c8baa000 	C:\windows\System32\powrprof.dll
0x00007ff9c8b50000 - 0x00007ff9c8b60000 	C:\windows\System32\UMPDC.dll
0x00007ff9ca040000 - 0x00007ff9ca092000 	C:\windows\System32\shlwapi.dll
0x00007ff9c8de0000 - 0x00007ff9c8df7000 	C:\windows\System32\cryptsp.dll
0x00007ff9c0850000 - 0x00007ff9c0869000 	C:\Users\utilisateur\.p2\pool\plugins\org.eclipse.justj.openjdk.hotspot.jre.full.win32.x86_64_14.0.2.v20200815-0932\jre\bin\net.dll
0x00007ff9be270000 - 0x00007ff9be36a000 	C:\windows\SYSTEM32\WINHTTP.dll
0x00007ff9c82e0000 - 0x00007ff9c8347000 	C:\windows\system32\mswsock.dll
0x00007ff9bcb00000 - 0x00007ff9bcb12000 	C:\Users\utilisateur\.p2\pool\plugins\org.eclipse.justj.openjdk.hotspot.jre.full.win32.x86_64_14.0.2.v20200815-0932\jre\bin\nio.dll
0x00007ff95c060000 - 0x00007ff95c1f8000 	C:\Users\utilisateur\.p2\pool\plugins\org.eclipse.justj.openjdk.hotspot.jre.full.win32.x86_64_14.0.2.v20200815-0932\jre\bin\awt.dll
0x00007ff9cb250000 - 0x00007ff9cb315000 	C:\windows\System32\OLEAUT32.dll
0x00007ff9c6c90000 - 0x00007ff9c6d1f000 	C:\windows\SYSTEM32\apphelp.dll
0x00007ff9c7280000 - 0x00007ff9c72ad000 	C:\windows\system32\DWMAPI.DLL
0x00007ff9c6e60000 - 0x00007ff9c6ef9000 	C:\windows\system32\uxtheme.dll
0x00007ff9cbac0000 - 0x00007ff9cbbf5000 	C:\windows\System32\MSCTF.dll
0x00007ff9ca120000 - 0x00007ff9ca277000 	C:\windows\System32\ole32.dll
0x00007ff9abbc0000 - 0x00007ff9abbed000 	C:\Users\utilisateur\.p2\pool\plugins\org.eclipse.justj.openjdk.hotspot.jre.full.win32.x86_64_14.0.2.v20200815-0932\jre\bin\javajpeg.dll
0x00007ff9ab740000 - 0x00007ff9ab896000 	C:\windows\system32\opengl32.dll
0x00007ff9b7710000 - 0x00007ff9b773c000 	C:\windows\SYSTEM32\GLU32.dll
0x00007ff9c7750000 - 0x00007ff9c7770000 	C:\windows\SYSTEM32\dxcore.dll
0x00007ff9abb30000 - 0x00007ff9abbb2000 	C:\Users\utilisateur\.p2\pool\plugins\org.eclipse.justj.openjdk.hotspot.jre.full.win32.x86_64_14.0.2.v20200815-0932\jre\bin\freetype.dll
0x00007ff9ab8b0000 - 0x00007ff9ab956000 	C:\Users\utilisateur\.p2\pool\plugins\org.eclipse.justj.openjdk.hotspot.jre.full.win32.x86_64_14.0.2.v20200815-0932\jre\bin\fontmanager.dll
0x00007ff9bc910000 - 0x00007ff9bc9ad000 	C:\windows\System32\TextInputFramework.dll
0x00007ff9c63f0000 - 0x00007ff9c64c4000 	C:\windows\System32\CoreMessaging.dll
0x00007ff9c4930000 - 0x00007ff9c4c5a000 	C:\windows\System32\CoreUIComponents.dll
0x00007ff9c7b50000 - 0x00007ff9c7b81000 	C:\windows\SYSTEM32\ntmarta.dll
0x00007ff9c43c0000 - 0x00007ff9c4512000 	C:\windows\SYSTEM32\wintypes.dll
0x00007ff9c2560000 - 0x00007ff9c2570000 	C:\Users\utilisateur\.p2\pool\plugins\org.eclipse.justj.openjdk.hotspot.jre.full.win32.x86_64_14.0.2.v20200815-0932\jre\bin\verify.dll
0x00007ff9bb150000 - 0x00007ff9bb3f7000 	C:\windows\System32\iertutil.dll
0x00007ff9c7e70000 - 0x00007ff9c7ea3000 	C:\windows\system32\rsaenh.dll
0x00007ff9c8db0000 - 0x00007ff9c8dd6000 	C:\windows\System32\bcrypt.dll
0x00007ff9c8a70000 - 0x00007ff9c8a95000 	C:\windows\SYSTEM32\USERENV.dll
0x00007ff9c84c0000 - 0x00007ff9c84cc000 	C:\windows\SYSTEM32\CRYPTBASE.dll
0x00007ff9c8000000 - 0x00007ff9c803a000 	C:\windows\SYSTEM32\IPHLPAPI.DLL
0x00007ff9cb9c0000 - 0x00007ff9cb9c8000 	C:\windows\System32\NSI.dll
0x00007ff9be460000 - 0x00007ff9be476000 	C:\windows\SYSTEM32\dhcpcsvc6.DLL
0x00007ff9be440000 - 0x00007ff9be45c000 	C:\windows\SYSTEM32\dhcpcsvc.DLL
0x00007ff9c8040000 - 0x00007ff9c810b000 	C:\windows\SYSTEM32\DNSAPI.dll
0x00007ff9b0c60000 - 0x00007ff9b0c69000 	C:\Users\utilisateur\.p2\pool\plugins\org.eclipse.justj.openjdk.hotspot.jre.full.win32.x86_64_14.0.2.v20200815-0932\jre\bin\management.dll
0x00007ff9b0a50000 - 0x00007ff9b0a5b000 	C:\Users\utilisateur\.p2\pool\plugins\org.eclipse.justj.openjdk.hotspot.jre.full.win32.x86_64_14.0.2.v20200815-0932\jre\bin\management_ext.dll

dbghelp: loaded successfully - version: 4.0.5 - missing functions: none
symbol engine: initialized successfully - sym options: 0x614 - pdb path: .;C:\Users\utilisateur\.p2\pool\plugins\org.eclipse.justj.openjdk.hotspot.jre.full.win32.x86_64_14.0.2.v20200815-0932\jre\bin;C:\windows\SYSTEM32;C:\windows\WinSxS\amd64_microsoft.windows.common-controls_6595b64144ccf1df_6.0.18362.1440_none_9e7dbfb9e45e8e67;C:\Users\utilisateur\.p2\pool\plugins\org.eclipse.justj.openjdk.hotspot.jre.full.win32.x86_64_14.0.2.v20200815-0932\jre\bin\server

VM Arguments:
jvm_args: -Dfile.encoding=Cp1252 -XX:+ShowCodeDetailsInExceptionMessages 
java_command: itsudparis.application.Dashboard
java_class_path (initial): C:\Users\utilisateur\Desktop\projects\Projet_Environnement_Intelligent-main\OntologieProject\bin;C:\Users\utilisateur\Desktop\projects\Jena-2.6-2.2\lib\arq-2.8.1.jar;C:\Users\utilisateur\Desktop\projects\Jena-2.6-2.2\lib\icu4j-3.4.4.jar;C:\Users\utilisateur\Desktop\projects\Jena-2.6-2.2\lib\iri-0.7.jar;C:\Users\utilisateur\Desktop\projects\Jena-2.6-2.2\lib\jena-2.6.2.jar;C:\Users\utilisateur\Desktop\projects\Jena-2.6-2.2\lib\jena-2.6.2-tests.jar;C:\Users\utilisateur\Desktop\projects\Jena-2.6-2.2\lib\junit-4.5.jar;C:\Users\utilisateur\Desktop\projects\Jena-2.6-2.2\lib\log4j-1.2.13.jar;C:\Users\utilisateur\Desktop\projects\Jena-2.6-2.2\lib\lucene-core-2.3.1.jar;C:\Users\utilisateur\Desktop\projects\Jena-2.6-2.2\lib\slf4j-api-1.5.6.jar;C:\Users\utilisateur\Desktop\projects\Jena-2.6-2.2\lib\slf4j-log4j12-1.5.6.jar;C:\Users\utilisateur\Desktop\projects\Jena-2.6-2.2\lib\stax-api-1.0.1.jar;C:\Users\utilisateur\Desktop\projects\Jena-2.6-2.2\lib\wstx-asl-3.2.9.jar;C:\Users\utilisateur\Desktop\projects\Jena-2.6-2.2\lib\xercesImpl-2.7.1.jar
Launcher Type: SUN_STANDARD

[Global flags]
     intx CICompilerCount                          = 3                                         {product} {ergonomic}
     uint ConcGCThreads                            = 1                                         {product} {ergonomic}
     uint G1ConcRefinementThreads                  = 4                                         {product} {ergonomic}
   size_t G1HeapRegionSize                         = 1048576                                   {product} {ergonomic}
    uintx GCDrainStackTargetSize                   = 64                                        {product} {ergonomic}
   size_t InitialHeapSize                          = 130023424                                 {product} {ergonomic}
   size_t MarkStackSize                            = 4194304                                   {product} {ergonomic}
   size_t MaxHeapSize                              = 2065694720                                {product} {ergonomic}
   size_t MaxNewSize                               = 1239416832                                {product} {ergonomic}
   size_t MinHeapDeltaBytes                        = 1048576                                   {product} {ergonomic}
   size_t MinHeapSize                              = 8388608                                   {product} {ergonomic}
    uintx NonNMethodCodeHeapSize                   = 5832780                                {pd product} {ergonomic}
    uintx NonProfiledCodeHeapSize                  = 122912730                              {pd product} {ergonomic}
    uintx ProfiledCodeHeapSize                     = 122912730                              {pd product} {ergonomic}
    uintx ReservedCodeCacheSize                    = 251658240                              {pd product} {ergonomic}
     bool SegmentedCodeCache                       = true                                      {product} {ergonomic}
     bool ShowCodeDetailsInExceptionMessages       = true                                   {manageable} {command line}
   size_t SoftMaxHeapSize                          = 2065694720                             {manageable} {ergonomic}
     bool UseCompressedClassPointers               = true                                 {lp64_product} {ergonomic}
     bool UseCompressedOops                        = true                                 {lp64_product} {ergonomic}
     bool UseG1GC                                  = true                                      {product} {ergonomic}
     bool UseLargePagesIndividualAllocation        = false                                  {pd product} {ergonomic}

Logging:
Log output configuration:
 #0: stdout all=warning uptime,level,tags
 #1: stderr all=off uptime,level,tags

Environment Variables:
PATH=C:/Users/utilisateur/.p2/pool/plugins/org.eclipse.justj.openjdk.hotspot.jre.full.win32.x86_64_14.0.2.v20200815-0932/jre/bin/server;C:/Users/utilisateur/.p2/pool/plugins/org.eclipse.justj.openjdk.hotspot.jre.full.win32.x86_64_14.0.2.v20200815-0932/jre/bin;C:\Program Files (x86)\Common Files\Oracle\Java\javapath;C:\windows\system32;C:\windows;C:\windows\System32\Wbem;C:\windows\System32\WindowsPowerShell\v1.0\;C:\windows\System32\OpenSSH\;C:\Program Files (x86)\Intel\Intel(R) Management Engine Components\DAL;C:\Program Files\Intel\Intel(R) Management Engine Components\DAL;C:\flutter\bin;C:\Program Files\nodejs\;C:\Program Files\Git\cmd;C:\Program Files\MongoDB\Server\4.2\bin;C:\Program Files\PuTTY\;C:\Program Files\Docker\Docker\resources\bin;C:\ProgramData\DockerDesktop\version-bin;C:\Gradel\gradle-6.8.2\bin;C:\Users\utilisateur\anaconda3;C:\Users\utilisateur\anaconda3\Library\mingw-w64\bin;C:\Users\utilisateur\anaconda3\Library\usr\bin;C:\Users\utilisateur\anaconda3\Library\bin;C:\Users\utilisateur\anaconda3\Scripts;C:\Users\utilisateur\AppData\Local\Microsoft\WindowsApps;C:\Users\utilisateur\AppData\Local\Programs\Microsoft VS Code\bin;C:\Users\utilisateur\AppData\Roaming\npm;C:\Users\utilisateur\AppData\Roaming\Dashlane\6.2018.0.34867\bin\Firefox_Extension\{442718d9-475e-452a-b3e1-fb1ee16b8e9f}\components;C:\Users\utilisateur\AppData\Roaming\Dashlane\6.2018.0.34867\ucrt;C:\Users\utilisateur\AppData\Roaming\Dashlane\6.2018.0.34867\bin\Qt;C:\Users\utilisateur\AppData\Roaming\Dashlane\6.2018.0.34867\ucrt;C:\Users\utilisateur\AppData\Roaming\Dashlane\6.2018.0.34867\bin\Ssl;C:\Gradel\gradle-6.8.2\bin;;C:\windows\system32;
USERNAME=utilisateur
OS=Windows_NT
PROCESSOR_IDENTIFIER=Intel64 Family 6 Model 61 Stepping 4, GenuineIntel



---------------  S Y S T E M  ---------------

OS: Windows 10 , 64 bit Build 18362 (10.0.18362.1350)
OS uptime: 2 days 4:04 hours
HyperV virtualization detected

CPU:total 4 (initial active 4) (2 cores per cpu, 2 threads per core) family 6 model 61 stepping 4, cmov, cx8, fxsr, mmx, sse, sse2, sse3, ssse3, sse4.1, sse4.2, popcnt, avx, avx2, aes, clmul, erms, rtm, 3dnowpref, lzcnt, ht, tsc, tscinvbit, bmi1, bmi2, adx, fma

Memory: 4k page, system-wide physical 7872M (1237M free)
TotalPageFile size 19300M (AvailPageFile size 8M)
current process WorkingSet (physical memory assigned to process): 220M, peak: 220M
current process commit charge ("private bytes"): 252M, peak: 260M

vm_info: OpenJDK 64-Bit Server VM (14.0.2+12-46) for windows-amd64 JRE (14.0.2+12-46), built on Jul  9 2020 00:31:16 by "mach5one" with MS VC++ 15.9 (VS2017)

END.
