#
# There is insufficient memory for the Java Runtime Environment to continue.
# Native memory allocation (mmap) failed to map 32505856 bytes for Failed to commit area from 0x0000000088d00000 to 0x000000008ac00000 of length 32505856.
# Possible reasons:
#   The system is out of physical RAM or swap space
#   The process is running with CompressedOops enabled, and the Java Heap may be blocking the growth of the native heap
# Possible solutions:
#   Reduce memory load on the system
#   Increase physical memory or swap space
#   Check if swap backing store is full
#   Decrease Java heap size (-Xmx/-Xms)
#   Decrease number of Java threads
#   Decrease Java thread stack sizes (-Xss)
#   Set larger code cache with -XX:ReservedCodeCacheSize=
#   JVM is running with Unscaled Compressed Oops mode in which the Java heap is
#     placed in the first 4GB address space. The Java Heap base address is the
#     maximum limit for the native heap growth. Please use -XX:HeapBaseMinAddress
#     to set the Java Heap base and to place the Java Heap above 4GB virtual address.
# This output file may be truncated or incomplete.
#
#  Out of Memory Error (./open/src/hotspot/os/windows/os_windows.cpp:3315), pid=17880, tid=19028
#
# JRE version: OpenJDK Runtime Environment (14.0.2+12) (build 14.0.2+12-46)
# Java VM: OpenJDK 64-Bit Server VM (14.0.2+12-46, mixed mode, tiered, compressed oops, g1 gc, windows-amd64)
# No core dump will be written. Minidumps are not enabled by default on client versions of Windows
#

---------------  S U M M A R Y ------------

Command Line: -Dfile.encoding=Cp1252 -XX:+ShowCodeDetailsInExceptionMessages itsudparis.application.Dashboard

Host: Intel(R) Core(TM) i5-5300U CPU @ 2.30GHz, 4 cores, 7G,  Windows 10 , 64 bit Build 18362 (10.0.18362.1350)
Time: Tue Mar 30 03:35:28 2021 Paris, Madrid (heure d?été) elapsed time: 4 seconds (0d 0h 0m 4s)

---------------  T H R E A D  ---------------

Current thread (0x0000011b7b84b000):  VMThread "VM Thread" [stack: 0x0000000b36000000,0x0000000b36100000] [id=19028]

Stack: [0x0000000b36000000,0x0000000b36100000]
[error occurred during error reporting (printing stack bounds), id 0xc0000005, EXCEPTION_ACCESS_VIOLATION (0xc0000005) at pc=0x0000011b000010ad]

Native frames: (J=compiled Java code, j=interpreted, Vv=VM code, C=native code)
V  [jvm.dll+0x5f8a9a]
V  [jvm.dll+0x74247a]
V  [jvm.dll+0x743c2f]
V  [jvm.dll+0x7441d5]
V  [jvm.dll+0x74418b]
V  [jvm.dll+0x5f7f6f]
V  [jvm.dll+0x5f8738]
C  [ntdll.dll+0xa1eef]
C  [ntdll.dll+0x6aad9]
C  [ntdll.dll+0xa0b5e]
C  0x0000011b000010ad

VM_Operation (0x0000000b35afd810): G1CollectForAllocation, mode: safepoint, requested by thread 0x0000011b70d20000


---------------  P R O C E S S  ---------------

Threads class SMR info:
_java_thread_list=0x0000011b7eff9e30, length=17, elements={
0x0000011b70d20000, 0x0000011b7b85e800, 0x0000011b7c06c000, 0x0000011b7c09b800,
0x0000011b7c09e800, 0x0000011b7c0a1000, 0x0000011b7c0a6800, 0x0000011b7c0aa000,
0x0000011b7c0b6800, 0x0000011b7c216800, 0x0000011b7c228000, 0x0000011b7c877800,
0x0000011b7c878000, 0x0000011b7c883000, 0x0000011b7c915800, 0x0000011b7c8c0000,
0x0000011b7eff8000
}

Java Threads: ( => current thread )
  0x0000011b70d20000 JavaThread "main" [_thread_blocked, id=1628, stack(0x0000000b35a00000,0x0000000b35b00000)]
  0x0000011b7b85e800 JavaThread "Reference Handler" daemon [_thread_blocked, id=1588, stack(0x0000000b36100000,0x0000000b36200000)]
  0x0000011b7c06c000 JavaThread "Finalizer" daemon [_thread_blocked, id=14964, stack(0x0000000b36200000,0x0000000b36300000)]
  0x0000011b7c09b800 JavaThread "Signal Dispatcher" daemon [_thread_blocked, id=18936, stack(0x0000000b36300000,0x0000000b36400000)]
  0x0000011b7c09e800 JavaThread "Attach Listener" daemon [_thread_blocked, id=17700, stack(0x0000000b36400000,0x0000000b36500000)]
  0x0000011b7c0a1000 JavaThread "Service Thread" daemon [_thread_blocked, id=17300, stack(0x0000000b36500000,0x0000000b36600000)]
  0x0000011b7c0a6800 JavaThread "C2 CompilerThread0" daemon [_thread_blocked, id=2380, stack(0x0000000b36600000,0x0000000b36700000)]
  0x0000011b7c0aa000 JavaThread "C1 CompilerThread0" daemon [_thread_blocked, id=17904, stack(0x0000000b36700000,0x0000000b36800000)]
  0x0000011b7c0b6800 JavaThread "Sweeper thread" daemon [_thread_blocked, id=16784, stack(0x0000000b36800000,0x0000000b36900000)]
  0x0000011b7c216800 JavaThread "Notification Thread" daemon [_thread_blocked, id=4228, stack(0x0000000b36900000,0x0000000b36a00000)]
  0x0000011b7c228000 JavaThread "Common-Cleaner" daemon [_thread_blocked, id=14028, stack(0x0000000b36b00000,0x0000000b36c00000)]
  0x0000011b7c877800 JavaThread "Java2D Disposer" daemon [_thread_blocked, id=18456, stack(0x0000000b36c00000,0x0000000b36d00000)]
  0x0000011b7c878000 JavaThread "AWT-Shutdown" [_thread_blocked, id=18868, stack(0x0000000b36d00000,0x0000000b36e00000)]
  0x0000011b7c883000 JavaThread "AWT-Windows" daemon [_thread_in_native, id=16988, stack(0x0000000b36e00000,0x0000000b36f00000)]
  0x0000011b7c915800 JavaThread "Image Fetcher 0" daemon [_thread_blocked, id=18040, stack(0x0000000b36f00000,0x0000000b37000000)]
  0x0000011b7c8c0000 JavaThread "AWT-EventQueue-0" [_thread_blocked, id=7036, stack(0x0000000b37000000,0x0000000b37100000)]
  0x0000011b7eff8000 JavaThread "C2 CompilerThread1" daemon [_thread_blocked, id=7724, stack(0x0000000b37500000,0x0000000b37600000)]

Other Threads:
=>0x0000011b7b84b000 VMThread "VM Thread" [stack: 0x0000000b36000000,0x0000000b36100000] [id=19028]
  0x0000011b7c217000 WatcherThread [stack: 0x0000000b36a00000,0x0000000b36b00000] [id=7412]
  0x0000011b70d62000 GCTaskThread "GC Thread#0" [stack: 0x0000000b35b00000,0x0000000b35c00000] [id=12624]
  0x0000011b7ccab000 GCTaskThread "GC Thread#1" [stack: 0x0000000b37100000,0x0000000b37200000] [id=19340]
  0x0000011b7ccac000 GCTaskThread "GC Thread#2" [stack: 0x0000000b37200000,0x0000000b37300000] [id=16744]
  0x0000011b7ccb7000 GCTaskThread "GC Thread#3" [stack: 0x0000000b37300000,0x0000000b37400000] [id=19232]
  0x0000011b70d74000 ConcurrentGCThread "G1 Main Marker" [stack: 0x0000000b35c00000,0x0000000b35d00000] [id=17892]
  0x0000011b70d77000 ConcurrentGCThread "G1 Conc#0" [stack: 0x0000000b35d00000,0x0000000b35e00000] [id=7040]
  0x0000011b7b661800 ConcurrentGCThread "G1 Refine#0" [stack: 0x0000000b35e00000,0x0000000b35f00000] [id=18496]
  0x0000011b7cef9800 ConcurrentGCThread "G1 Refine#1" [stack: 0x0000000b37400000,0x0000000b37500000] [id=10032]
  0x0000011b7fcfd000 ConcurrentGCThread "G1 Refine#2" [stack: 0x0000000b37600000,0x0000000b37700000] [id=3552]
  0x0000011b106ba000 ConcurrentGCThread "G1 Refine#3" [stack: 0x0000000b37700000,0x0000000b37800000] [id=17456]
  0x0000011b7b662000 ConcurrentGCThread "G1 Young RemSet Sampling" [stack: 0x0000000b35f00000,0x0000000b36000000] [id=18804]

Threads with active compile tasks:

VM state:at safepoint (normal execution)

VM Mutex/Monitor currently owned by a thread:  ([mutex/lock_event])
[0x0000011b70d1b610] Threads_lock - owner thread: 0x0000011b7b84b000
[0x0000011b70d1cf60] Heap_lock - owner thread: 0x0000011b70d20000

Heap address: 0x0000000084e00000, size: 1970 MB, Compressed Oops mode: 32-bit
Narrow klass base: 0x0000000000000000, Narrow klass shift: 3
Compressed class space size: 1073741824 Address: 0x0000000100000000

Heap:
 garbage-first heap   total 108544K, used 54684K [0x0000000084e00000, 0x0000000100000000)
  region size 1024K, 2 young (2048K), 2 survivors (2048K)
 Metaspace       used 25376K, capacity 25807K, committed 25856K, reserved 1073152K
  class space    used 2887K, capacity 3038K, committed 3072K, reserved 1048576K
Heap Regions: E=young(eden), S=young(survivor), O=old, HS=humongous(starts), HC=humongous(continues), CS=collection set, F=free, OA=open archive, CA=closed archive, TAMS=top-at-mark-start (previous, next)
|   0|0x0000000084e00000, 0x0000000084f00000, 0x0000000084f00000|100%|HS|  |TAMS 0x0000000084f00000, 0x0000000084f00000| Complete 
|   1|0x0000000084f00000, 0x0000000085000000, 0x0000000085000000|100%|HC|  |TAMS 0x0000000085000000, 0x0000000085000000| Complete 
|   2|0x0000000085000000, 0x0000000085100000, 0x0000000085100000|100%|HS|  |TAMS 0x0000000085100000, 0x0000000085100000| Complete 
|   3|0x0000000085100000, 0x0000000085200000, 0x0000000085200000|100%|HC|  |TAMS 0x0000000085200000, 0x0000000085200000| Complete 
|   4|0x0000000085200000, 0x0000000085300000, 0x0000000085300000|100%|HC|  |TAMS 0x0000000085300000, 0x0000000085300000| Complete 
|   5|0x0000000085300000, 0x0000000085400000, 0x0000000085400000|100%| O|  |TAMS 0x0000000085400000, 0x0000000085400000| Untracked 
|   6|0x0000000085400000, 0x0000000085500000, 0x0000000085500000|100%| O|  |TAMS 0x0000000085500000, 0x0000000085500000| Untracked 
|   7|0x0000000085500000, 0x0000000085600000, 0x0000000085600000|100%| O|  |TAMS 0x0000000085600000, 0x0000000085600000| Untracked 
|   8|0x0000000085600000, 0x0000000085700000, 0x0000000085700000|100%| O|  |TAMS 0x00000000856aa000, 0x0000000085700000| Untracked 
|   9|0x0000000085700000, 0x0000000085800000, 0x0000000085800000|100%| O|  |TAMS 0x0000000085700000, 0x0000000085800000| Untracked 
|  10|0x0000000085800000, 0x0000000085900000, 0x0000000085900000|100%| O|  |TAMS 0x0000000085800000, 0x0000000085900000| Untracked 
|  11|0x0000000085900000, 0x0000000085a00000, 0x0000000085a00000|100%| O|  |TAMS 0x0000000085900000, 0x0000000085a00000| Untracked 
|  12|0x0000000085a00000, 0x0000000085b00000, 0x0000000085b00000|100%| O|  |TAMS 0x0000000085a00000, 0x0000000085b00000| Untracked 
|  13|0x0000000085b00000, 0x0000000085c00000, 0x0000000085c00000|100%| O|  |TAMS 0x0000000085b00000, 0x0000000085c00000| Untracked 
|  14|0x0000000085c00000, 0x0000000085d00000, 0x0000000085d00000|100%| O|  |TAMS 0x0000000085c00000, 0x0000000085d00000| Untracked 
|  15|0x0000000085d00000, 0x0000000085dbee00, 0x0000000085e00000| 74%| O|  |TAMS 0x0000000085d00000, 0x0000000085dbee00| Untracked 
|  16|0x0000000085e00000, 0x0000000085f00000, 0x0000000085f00000|100%|HS|  |TAMS 0x0000000085e00000, 0x0000000085f00000| Complete 
|  17|0x0000000085f00000, 0x0000000086000000, 0x0000000086000000|100%| O|  |TAMS 0x0000000085f00000, 0x0000000086000000| Untracked 
|  18|0x0000000086000000, 0x0000000086100000, 0x0000000086100000|100%| O|  |TAMS 0x0000000086000000, 0x0000000086100000| Untracked 
|  19|0x0000000086100000, 0x0000000086200000, 0x0000000086200000|100%| O|  |TAMS 0x0000000086100000, 0x0000000086200000| Untracked 
|  20|0x0000000086200000, 0x0000000086300000, 0x0000000086300000|100%| O|  |TAMS 0x0000000086200000, 0x0000000086300000| Untracked 
|  21|0x0000000086300000, 0x0000000086400000, 0x0000000086400000|100%| O|  |TAMS 0x0000000086300000, 0x0000000086400000| Untracked 
|  22|0x0000000086400000, 0x0000000086500000, 0x0000000086500000|100%| O|  |TAMS 0x0000000086400000, 0x0000000086400000| Untracked 
|  23|0x0000000086500000, 0x0000000086600000, 0x0000000086600000|100%| O|  |TAMS 0x0000000086500000, 0x0000000086500000| Untracked 
|  24|0x0000000086600000, 0x0000000086700000, 0x0000000086700000|100%| O|  |TAMS 0x0000000086600000, 0x0000000086600000| Untracked 
|  25|0x0000000086700000, 0x0000000086800000, 0x0000000086800000|100%| O|  |TAMS 0x0000000086700000, 0x0000000086700000| Untracked 
|  26|0x0000000086800000, 0x0000000086900000, 0x0000000086900000|100%| O|  |TAMS 0x0000000086800000, 0x0000000086800000| Untracked 
|  27|0x0000000086900000, 0x0000000086a00000, 0x0000000086a00000|100%|HS|  |TAMS 0x0000000086900000, 0x0000000086a00000| Complete 
|  28|0x0000000086a00000, 0x0000000086b00000, 0x0000000086b00000|100%|HC|  |TAMS 0x0000000086a00000, 0x0000000086b00000| Complete 
|  29|0x0000000086b00000, 0x0000000086c00000, 0x0000000086c00000|100%| O|  |TAMS 0x0000000086b00000, 0x0000000086c00000| Untracked 
|  30|0x0000000086c00000, 0x0000000086d00000, 0x0000000086d00000|100%| O|  |TAMS 0x0000000086c00000, 0x0000000086d00000| Untracked 
|  31|0x0000000086d00000, 0x0000000086e00000, 0x0000000086e00000|100%| O|  |TAMS 0x0000000086d00000, 0x0000000086e00000| Untracked 
|  32|0x0000000086e00000, 0x0000000086f00000, 0x0000000086f00000|100%| O|  |TAMS 0x0000000086e00000, 0x0000000086f00000| Untracked 
|  33|0x0000000086f00000, 0x0000000087000000, 0x0000000087000000|100%| O|  |TAMS 0x0000000086f00000, 0x0000000087000000| Untracked 
|  34|0x0000000087000000, 0x0000000087100000, 0x0000000087100000|100%| O|  |TAMS 0x0000000087000000, 0x0000000087100000| Untracked 
|  35|0x0000000087100000, 0x0000000087200000, 0x0000000087200000|100%| O|  |TAMS 0x0000000087100000, 0x0000000087200000| Untracked 
|  36|0x0000000087200000, 0x0000000087300000, 0x0000000087300000|100%| O|  |TAMS 0x0000000087200000, 0x0000000087300000| Untracked 
|  37|0x0000000087300000, 0x0000000087400000, 0x0000000087400000|100%| O|  |TAMS 0x0000000087300000, 0x0000000087400000| Untracked 
|  38|0x0000000087400000, 0x0000000087500000, 0x0000000087500000|100%| O|  |TAMS 0x0000000087400000, 0x0000000087400000| Untracked 
|  39|0x0000000087500000, 0x0000000087600000, 0x0000000087600000|100%| O|  |TAMS 0x0000000087500000, 0x0000000087500000| Untracked 
|  40|0x0000000087600000, 0x0000000087700000, 0x0000000087700000|100%| O|  |TAMS 0x0000000087600000, 0x0000000087600000| Untracked 
|  41|0x0000000087700000, 0x0000000087800000, 0x0000000087800000|100%| O|  |TAMS 0x0000000087700000, 0x0000000087700000| Untracked 
|  42|0x0000000087800000, 0x0000000087900000, 0x0000000087900000|100%| O|  |TAMS 0x0000000087800000, 0x0000000087800000| Untracked 
|  43|0x0000000087900000, 0x00000000879a8400, 0x0000000087a00000| 65%| O|  |TAMS 0x0000000087900000, 0x0000000087900000| Untracked 
|  44|0x0000000087a00000, 0x0000000087a00000, 0x0000000087b00000|  0%| F|  |TAMS 0x0000000087a00000, 0x0000000087a00000| Untracked 
|  45|0x0000000087b00000, 0x0000000087b00000, 0x0000000087c00000|  0%| F|  |TAMS 0x0000000087b00000, 0x0000000087b00000| Untracked 
|  46|0x0000000087c00000, 0x0000000087c00000, 0x0000000087d00000|  0%| F|  |TAMS 0x0000000087c00000, 0x0000000087c00000| Untracked 
|  47|0x0000000087d00000, 0x0000000087d00000, 0x0000000087e00000|  0%| F|  |TAMS 0x0000000087d00000, 0x0000000087d00000| Untracked 
|  48|0x0000000087e00000, 0x0000000087e00000, 0x0000000087f00000|  0%| F|  |TAMS 0x0000000087e00000, 0x0000000087e00000| Untracked 
|  49|0x0000000087f00000, 0x0000000087f00000, 0x0000000088000000|  0%| F|  |TAMS 0x0000000087f00000, 0x0000000087f00000| Untracked 
|  50|0x0000000088000000, 0x0000000088000000, 0x0000000088100000|  0%| F|  |TAMS 0x0000000088000000, 0x0000000088000000| Untracked 
|  51|0x0000000088100000, 0x0000000088100000, 0x0000000088200000|  0%| F|  |TAMS 0x0000000088100000, 0x0000000088100000| Untracked 
|  52|0x0000000088200000, 0x0000000088200000, 0x0000000088300000|  0%| F|  |TAMS 0x0000000088200000, 0x0000000088200000| Untracked 
|  53|0x0000000088300000, 0x0000000088300000, 0x0000000088400000|  0%| F|  |TAMS 0x0000000088300000, 0x0000000088300000| Untracked 
|  54|0x0000000088400000, 0x0000000088400000, 0x0000000088500000|  0%| F|  |TAMS 0x0000000088400000, 0x0000000088400000| Untracked 
|  55|0x0000000088500000, 0x0000000088500000, 0x0000000088600000|  0%| F|  |TAMS 0x0000000088500000, 0x0000000088500000| Untracked 
|  56|0x0000000088600000, 0x0000000088600000, 0x0000000088700000|  0%| F|  |TAMS 0x0000000088600000, 0x0000000088600000| Untracked 
|  57|0x0000000088700000, 0x0000000088700000, 0x0000000088800000|  0%| F|  |TAMS 0x0000000088700000, 0x0000000088700000| Untracked 
|  58|0x0000000088800000, 0x0000000088900000, 0x0000000088900000|100%| S|CS|TAMS 0x0000000088800000, 0x0000000088800000| Complete 
|  59|0x0000000088900000, 0x0000000088a00000, 0x0000000088a00000|100%| S|CS|TAMS 0x0000000088900000, 0x0000000088900000| Complete 
|  60|0x0000000088a00000, 0x0000000088a00000, 0x0000000088b00000|  0%| F|  |TAMS 0x0000000088a00000, 0x0000000088a00000| Untracked 
|  61|0x0000000088b00000, 0x0000000088b00000, 0x0000000088c00000|  0%| F|  |TAMS 0x0000000088b00000, 0x0000000088b00000| Untracked 
|  62|0x0000000088c00000, 0x0000000088c00000, 0x0000000088d00000|  0%| F|  |TAMS 0x0000000088c00000, 0x0000000088c00000| Untracked 
| 105|0x000000008b700000, 0x000000008b700000, 0x000000008b800000|  0%| F|  |TAMS 0x000000008b700000, 0x000000008b700000| Untracked 
| 106|0x000000008b800000, 0x000000008b800000, 0x000000008b900000|  0%| F|  |TAMS 0x000000008b800000, 0x000000008b800000| Untracked 
| 107|0x000000008b900000, 0x000000008b900000, 0x000000008ba00000|  0%| F|  |TAMS 0x000000008b900000, 0x000000008b900000| Untracked 
| 123|0x000000008c900000, 0x000000008c900000, 0x000000008ca00000|  0%| F|  |TAMS 0x000000008c900000, 0x000000008c900000| Untracked 
|1962|0x00000000ff800000, 0x00000000ff900000, 0x00000000ff900000|100%| O|  |TAMS 0x00000000ff800000, 0x00000000ff900000| Untracked 
|1963|0x00000000ff900000, 0x00000000ffa00000, 0x00000000ffa00000|100%| O|  |TAMS 0x00000000ff900000, 0x00000000ffa00000| Untracked 
|1964|0x00000000ffa00000, 0x00000000ffb00000, 0x00000000ffb00000|100%| O|  |TAMS 0x00000000ffa00000, 0x00000000ffb00000| Untracked 
|1965|0x00000000ffb00000, 0x00000000ffc00000, 0x00000000ffc00000|100%| O|  |TAMS 0x00000000ffb00000, 0x00000000ffc00000| Untracked 
|1966|0x00000000ffc00000, 0x00000000ffd00000, 0x00000000ffd00000|100%| O|  |TAMS 0x00000000ffc00000, 0x00000000ffd00000| Untracked 
|1967|0x00000000ffd00000, 0x00000000ffe00000, 0x00000000ffe00000|100%| O|  |TAMS 0x00000000ffd00000, 0x00000000ffe00000| Untracked 
|1968|0x00000000ffe00000, 0x00000000fff00000, 0x00000000fff00000|100%| O|  |TAMS 0x00000000ffe00000, 0x00000000fff00000| Untracked 
|1969|0x00000000fff00000, 0x0000000100000000, 0x0000000100000000|100%| O|  |TAMS 0x00000000fff00000, 0x0000000100000000| Untracked 

Card table byte_map: [0x0000011b74dc0000,0x0000011b751a0000] _byte_map_base: 0x0000011b74999000

Marking Bits (Prev, Next): (CMBitMap*) 0x0000011b70d63908, (CMBitMap*) 0x0000011b70d638c8
 Prev Bits: [0x0000011b77450000, 0x0000011b79318000)
 Next Bits: [0x0000011b75580000, 0x0000011b77448000)

Polling page: 0x0000011b6eb20000

Metaspace:

Usage:
  Non-class:     22.24 MB capacity,    21.96 MB ( 99%) used,   236.33 KB (  1%) free+waste,    43.63 KB ( <1%) overhead. 
      Class:      2.97 MB capacity,     2.82 MB ( 95%) used,   128.80 KB (  4%) free+waste,    22.06 KB ( <1%) overhead. 
       Both:     25.20 MB capacity,    24.78 MB ( 98%) used,   365.13 KB (  1%) free+waste,    65.69 KB ( <1%) overhead. 

Virtual space:
  Non-class space:       24.00 MB reserved,      22.25 MB ( 93%) committed 
      Class space:        1.00 GB reserved,       3.00 MB ( <1%) committed 
             Both:        1.02 GB reserved,      25.25 MB (  2%) committed 

Chunk freelists:
   Non-Class:  15.00 KB
       Class:  2.00 KB
        Both:  17.00 KB

MaxMetaspaceSize: 17179869184.00 GB
CompressedClassSpaceSize: 1.00 GB

CodeHeap 'non-profiled nmethods': size=120000Kb used=1037Kb max_used=1037Kb free=118963Kb
 bounds [0x0000011b07ad0000, 0x0000011b07d40000, 0x0000011b0f000000]
CodeHeap 'profiled nmethods': size=120000Kb used=4569Kb max_used=4569Kb free=115430Kb
 bounds [0x0000011b005a0000, 0x0000011b00a20000, 0x0000011b07ad0000]
CodeHeap 'non-nmethods': size=5760Kb used=1331Kb max_used=1391Kb free=4428Kb
 bounds [0x0000011b00000000, 0x0000011b00270000, 0x0000011b005a0000]
 total_blobs=2964 nmethods=2335 adapters=541
 compilation: enabled
              stopped_count=0, restarted_count=0
 full_count=0

Compilation events (20 events):
Event: 4.232 Thread 0x0000011b7eff8000 nmethod 2324 0x0000011b07bbfa90 code [0x0000011b07bc05a0, 0x0000011b07bc3a40]
Event: 4.232 Thread 0x0000011b7eff8000 2332       4       com.hp.hpl.jena.reasoner.rulesys.builtins.Equal::bodyCall (96 bytes)
Event: 4.286 Thread 0x0000011b7eff8000 nmethod 2332 0x0000011b07bc5a90 code [0x0000011b07bc6200, 0x0000011b07bc8150]
Event: 4.286 Thread 0x0000011b7eff8000 2337       4       java.lang.Integer::longValue (6 bytes)
Event: 4.287 Thread 0x0000011b7eff8000 nmethod 2337 0x0000011b07bc9690 code [0x0000011b07bc9800, 0x0000011b07bc9858]
Event: 4.287 Thread 0x0000011b7eff8000 2315       4       java.util.HashMap::keySet (25 bytes)
Event: 4.289 Thread 0x0000011b7eff8000 nmethod 2315 0x0000011b07bc9990 code [0x0000011b07bc9b20, 0x0000011b07bc9cd8]
Event: 4.289 Thread 0x0000011b7eff8000 2320       4       java.util.HashMap$KeySet::iterator (12 bytes)
Event: 4.295 Thread 0x0000011b7eff8000 nmethod 2320 0x0000011b07bc9d90 code [0x0000011b07bc9f60, 0x0000011b07bca298]
Event: 4.295 Thread 0x0000011b7eff8000 2328       4       com.hp.hpl.jena.graph.Node_Literal::sameValueAs (35 bytes)
Event: 4.305 Thread 0x0000011b7c0a6800 nmethod 2326 0x0000011b07bca490 code [0x0000011b07bcb020, 0x0000011b07bce1e0]
Event: 4.305 Thread 0x0000011b7c0a6800 2329       4       com.hp.hpl.jena.graph.impl.LiteralLabelImpl::sameValueAs (49 bytes)
Event: 4.306 Thread 0x0000011b7eff8000 nmethod 2328 0x0000011b07bd0310 code [0x0000011b07bd05c0, 0x0000011b07bd0e78]
Event: 4.306 Thread 0x0000011b7eff8000 2330       4       com.hp.hpl.jena.graph.impl.LiteralLabelImpl::sameByFormAndLanguage (42 bytes)
Event: 4.315 Thread 0x0000011b7eff8000 nmethod 2330 0x0000011b07bd1310 code [0x0000011b07bd1540, 0x0000011b07bd1c48]
Event: 4.315 Thread 0x0000011b7eff8000 2325       4       com.hp.hpl.jena.reasoner.rulesys.impl.RETETerminal::fire (42 bytes)
Event: 4.316 Thread 0x0000011b7c0a6800 nmethod 2329 0x0000011b07bd2010 code [0x0000011b07bd2260, 0x0000011b07bd29b8]
Event: 4.320 Thread 0x0000011b7eff8000 nmethod 2325 0x0000011b07bd2d90 code [0x0000011b07bd2f60, 0x0000011b07bd31f8]
Event: 4.352 Thread 0x0000011b7c0aa000 2338       3       com.hp.hpl.jena.reasoner.rulesys.Util::compareNumbers (164 bytes)
Event: 4.353 Thread 0x0000011b7c0aa000 nmethod 2338 0x0000011b00a14c10 code [0x0000011b00a14ec0, 0x0000011b00a16368]

GC Heap History (13 events):
Event: 1.583 GC heap before
{Heap before GC invocations=0 (full 0):
 garbage-first heap   total 126976K, used 18432K [0x0000000084e00000, 0x0000000100000000)
  region size 1024K, 13 young (13312K), 0 survivors (0K)
 Metaspace       used 16017K, capacity 16267K, committed 16512K, reserved 1064960K
  class space    used 1794K, capacity 1898K, committed 1920K, reserved 1048576K
}
Event: 1.589 GC heap after
{Heap after GC invocations=1 (full 0):
 garbage-first heap   total 126976K, used 8089K [0x0000000084e00000, 0x0000000100000000)
  region size 1024K, 2 young (2048K), 2 survivors (2048K)
 Metaspace       used 16017K, capacity 16267K, committed 16512K, reserved 1064960K
  class space    used 1794K, capacity 1898K, committed 1920K, reserved 1048576K
}
Event: 2.149 GC heap before
{Heap before GC invocations=1 (full 0):
 garbage-first heap   total 126976K, used 19353K [0x0000000084e00000, 0x0000000100000000)
  region size 1024K, 14 young (14336K), 2 survivors (2048K)
 Metaspace       used 19157K, capacity 19441K, committed 19456K, reserved 1067008K
  class space    used 2171K, capacity 2295K, committed 2304K, reserved 1048576K
}
Event: 2.154 GC heap after
{Heap after GC invocations=2 (full 0):
 garbage-first heap   total 126976K, used 10920K [0x0000000084e00000, 0x0000000100000000)
  region size 1024K, 2 young (2048K), 2 survivors (2048K)
 Metaspace       used 19157K, capacity 19441K, committed 19456K, reserved 1067008K
  class space    used 2171K, capacity 2295K, committed 2304K, reserved 1048576K
}
Event: 2.558 GC heap before
{Heap before GC invocations=2 (full 0):
 garbage-first heap   total 126976K, used 24232K [0x0000000084e00000, 0x0000000100000000)
  region size 1024K, 16 young (16384K), 2 survivors (2048K)
 Metaspace       used 20835K, capacity 21125K, committed 21248K, reserved 1069056K
  class space    used 2364K, capacity 2495K, committed 2560K, reserved 1048576K
}
Event: 2.570 GC heap after
{Heap after GC invocations=3 (full 0):
 garbage-first heap   total 126976K, used 19195K [0x0000000084e00000, 0x0000000100000000)
  region size 1024K, 3 young (3072K), 3 survivors (3072K)
 Metaspace       used 20835K, capacity 21125K, committed 21248K, reserved 1069056K
  class space    used 2364K, capacity 2495K, committed 2560K, reserved 1048576K
}
Event: 3.898 GC heap before
{Heap before GC invocations=4 (full 0):
 garbage-first heap   total 68608K, used 58107K [0x0000000084e00000, 0x0000000100000000)
  region size 1024K, 40 young (40960K), 3 survivors (3072K)
 Metaspace       used 25368K, capacity 25743K, committed 25856K, reserved 1073152K
  class space    used 2886K, capacity 3038K, committed 3072K, reserved 1048576K
}
Event: 3.955 GC heap after
{Heap after GC invocations=5 (full 0):
 garbage-first heap   total 76800K, used 35026K [0x0000000084e00000, 0x0000000100000000)
  region size 1024K, 5 young (5120K), 5 survivors (5120K)
 Metaspace       used 25368K, capacity 25743K, committed 25856K, reserved 1073152K
  class space    used 2886K, capacity 3038K, committed 3072K, reserved 1048576K
}
Event: 4.400 GC heap before
{Heap before GC invocations=5 (full 0):
 garbage-first heap   total 76800K, used 51410K [0x0000000084e00000, 0x0000000100000000)
  region size 1024K, 19 young (19456K), 5 survivors (5120K)
 Metaspace       used 25376K, capacity 25807K, committed 25856K, reserved 1073152K
  class space    used 2887K, capacity 3038K, committed 3072K, reserved 1048576K
}
Event: 4.428 GC heap after
{Heap after GC invocations=6 (full 0):
 garbage-first heap   total 76800K, used 44795K [0x0000000084e00000, 0x0000000100000000)
  region size 1024K, 3 young (3072K), 3 survivors (3072K)
 Metaspace       used 25376K, capacity 25807K, committed 25856K, reserved 1073152K
  class space    used 2887K, capacity 3038K, committed 3072K, reserved 1048576K
}
Event: 4.521 GC heap before
{Heap before GC invocations=6 (full 0):
 garbage-first heap   total 76800K, used 55035K [0x0000000084e00000, 0x0000000100000000)
  region size 1024K, 13 young (13312K), 3 survivors (3072K)
 Metaspace       used 25376K, capacity 25807K, committed 25856K, reserved 1073152K
  class space    used 2887K, capacity 3038K, committed 3072K, reserved 1048576K
}
Event: 4.544 GC heap after
{Heap after GC invocations=7 (full 0):
 garbage-first heap   total 76800K, used 50369K [0x0000000084e00000, 0x0000000100000000)
  region size 1024K, 2 young (2048K), 2 survivors (2048K)
 Metaspace       used 25376K, capacity 25807K, committed 25856K, reserved 1073152K
  class space    used 2887K, capacity 3038K, committed 3072K, reserved 1048576K
}
Event: 4.666 GC heap before
{Heap before GC invocations=7 (full 0):
 garbage-first heap   total 76800K, used 56513K [0x0000000084e00000, 0x0000000100000000)
  region size 1024K, 9 young (9216K), 2 survivors (2048K)
 Metaspace       used 25376K, capacity 25807K, committed 25856K, reserved 1073152K
  class space    used 2887K, capacity 3038K, committed 3072K, reserved 1048576K
}

Deoptimization events (20 events):
Event: 2.938 Thread 0x0000011b70d20000 Uncommon trap: trap_request=0xffffff45 fr.pc=0x0000011b07b25cf8 relative=0x0000000000000058
Event: 2.938 Thread 0x0000011b70d20000 Uncommon trap: reason=unstable_if action=reinterpret pc=0x0000011b07b25cf8 method=java.lang.AbstractStringBuilder.isLatin1()Z @ 10 c2
Event: 2.938 Thread 0x0000011b70d20000 DEOPT PACKING pc=0x0000011b07b25cf8 sp=0x0000000b35afe7d0
Event: 2.938 Thread 0x0000011b70d20000 DEOPT UNPACKING pc=0x0000011b0004912f sp=0x0000000b35afe760 mode 2
Event: 2.952 Thread 0x0000011b70d20000 Uncommon trap: trap_request=0xffffff45 fr.pc=0x0000011b07b1c3e4 relative=0x0000000000000044
Event: 2.952 Thread 0x0000011b70d20000 Uncommon trap: reason=unstable_if action=reinterpret pc=0x0000011b07b1c3e4 method=java.lang.CharacterData.of(I)Ljava/lang/CharacterData; @ 4 c2
Event: 2.952 Thread 0x0000011b70d20000 DEOPT PACKING pc=0x0000011b07b1c3e4 sp=0x0000000b35afdf80
Event: 2.952 Thread 0x0000011b70d20000 DEOPT UNPACKING pc=0x0000011b0004912f sp=0x0000000b35afdf20 mode 2
Event: 3.017 Thread 0x0000011b70d20000 Uncommon trap: trap_request=0xffffff45 fr.pc=0x0000011b07aeed70 relative=0x0000000000000230
Event: 3.017 Thread 0x0000011b70d20000 Uncommon trap: reason=unstable_if action=reinterpret pc=0x0000011b07aeed70 method=java.lang.String.hashCode()I @ 20 c2
Event: 3.017 Thread 0x0000011b70d20000 DEOPT PACKING pc=0x0000011b07aeed70 sp=0x0000000b35afe3a0
Event: 3.017 Thread 0x0000011b70d20000 DEOPT UNPACKING pc=0x0000011b0004912f sp=0x0000000b35afe338 mode 2
Event: 3.121 Thread 0x0000011b70d20000 Uncommon trap: trap_request=0xffffffc6 fr.pc=0x0000011b07b6fe9c relative=0x0000000000000a9c
Event: 3.121 Thread 0x0000011b70d20000 Uncommon trap: reason=bimorphic_or_optimized_type_check action=maybe_recompile pc=0x0000011b07b6fe9c method=java.util.HashMap.putVal(ILjava/lang/Object;Ljava/lang/Object;ZZ)Ljava/lang/Object; @ 203 c2
Event: 3.121 Thread 0x0000011b70d20000 DEOPT PACKING pc=0x0000011b07b6fe9c sp=0x0000000b35afddc0
Event: 3.121 Thread 0x0000011b70d20000 DEOPT UNPACKING pc=0x0000011b0004912f sp=0x0000000b35afdcd0 mode 2
Event: 3.128 Thread 0x0000011b70d20000 Uncommon trap: trap_request=0xffffff45 fr.pc=0x0000011b07b489c4 relative=0x00000000000001e4
Event: 3.128 Thread 0x0000011b70d20000 Uncommon trap: reason=unstable_if action=reinterpret pc=0x0000011b07b489c4 method=java.util.HashMap.getNode(ILjava/lang/Object;)Ljava/util/HashMap$Node; @ 62 c2
Event: 3.128 Thread 0x0000011b70d20000 DEOPT PACKING pc=0x0000011b07b489c4 sp=0x0000000b35afd8f0
Event: 3.128 Thread 0x0000011b70d20000 DEOPT UNPACKING pc=0x0000011b0004912f sp=0x0000000b35afd800 mode 2

Classes unloaded (0 events):
No events

Classes redefined (0 events):
No events

Internal exceptions (20 events):
Event: 0.989 Thread 0x0000011b70d20000 Exception <a 'java/lang/NoSuchMethodError'{0x000000008c2114f0}: 'java.lang.Object java.lang.invoke.Invokers$Holder.linkToTargetMethod(java.lang.Object, int, java.lang.Object)'> (0x000000008c2114f0) 
thrown [./open/src/hotspot/share/interpreter/linkResolver.cpp, line 766]
Event: 1.286 Thread 0x0000011b70d20000 Exception <a 'java/lang/ClassNotFoundException'{0x000000008c013c98}: org/apache/log4j/PatternLayoutBeanInfo> (0x000000008c013c98) 
thrown [./open/src/hotspot/share/classfile/systemDictionary.cpp, line 226]
Event: 1.287 Thread 0x0000011b70d20000 Exception <a 'java/lang/ClassNotFoundException'{0x000000008c016e70}: org/apache/log4j/LayoutBeanInfo> (0x000000008c016e70) 
thrown [./open/src/hotspot/share/classfile/systemDictionary.cpp, line 226]
Event: 1.287 Thread 0x0000011b70d20000 Exception <a 'java/lang/ClassNotFoundException'{0x000000008c017b70}: java/lang/ObjectBeanInfo> (0x000000008c017b70) 
thrown [./open/src/hotspot/share/classfile/systemDictionary.cpp, line 226]
Event: 1.288 Thread 0x0000011b70d20000 Exception <a 'java/lang/ClassNotFoundException'{0x000000008c018fa0}: java/lang/ObjectCustomizer> (0x000000008c018fa0) 
thrown [./open/src/hotspot/share/classfile/systemDictionary.cpp, line 226]
Event: 1.304 Thread 0x0000011b70d20000 Exception <a 'java/lang/IncompatibleClassChangeError'{0x000000008c01f9b8}: Found class java.lang.Object, but interface was expected> (0x000000008c01f9b8) 
thrown [./open/src/hotspot/share/interpreter/linkResolver.cpp, line 832]
Event: 1.317 Thread 0x0000011b70d20000 Exception <a 'java/lang/ClassNotFoundException'{0x000000008c0324b0}: org/apache/log4j/LayoutCustomizer> (0x000000008c0324b0) 
thrown [./open/src/hotspot/share/classfile/systemDictionary.cpp, line 226]
Event: 1.321 Thread 0x0000011b70d20000 Exception <a 'java/lang/ClassNotFoundException'{0x000000008c042538}: org/apache/log4j/PatternLayoutCustomizer> (0x000000008c042538) 
thrown [./open/src/hotspot/share/classfile/systemDictionary.cpp, line 226]
Event: 1.323 Thread 0x0000011b70d20000 Exception <a 'java/lang/ClassNotFoundException'{0x000000008c04b0b8}: org/apache/log4j/ConsoleAppenderBeanInfo> (0x000000008c04b0b8) 
thrown [./open/src/hotspot/share/classfile/systemDictionary.cpp, line 226]
Event: 1.326 Thread 0x0000011b70d20000 Exception <a 'java/lang/ClassNotFoundException'{0x000000008c04e490}: org/apache/log4j/WriterAppenderBeanInfo> (0x000000008c04e490) 
thrown [./open/src/hotspot/share/classfile/systemDictionary.cpp, line 226]
Event: 1.327 Thread 0x0000011b70d20000 Exception <a 'java/lang/ClassNotFoundException'{0x000000008c0518b8}: org/apache/log4j/AppenderSkeletonBeanInfo> (0x000000008c0518b8) 
thrown [./open/src/hotspot/share/classfile/systemDictionary.cpp, line 226]
Event: 1.328 Thread 0x0000011b70d20000 Exception <a 'java/lang/ClassNotFoundException'{0x000000008c054e90}: org/apache/log4j/AppenderSkeletonCustomizer> (0x000000008c054e90) 
thrown [./open/src/hotspot/share/classfile/systemDictionary.cpp, line 226]
Event: 1.331 Thread 0x0000011b70d20000 Exception <a 'java/lang/ClassNotFoundException'{0x000000008c0664a8}: org/apache/log4j/WriterAppenderCustomizer> (0x000000008c0664a8) 
thrown [./open/src/hotspot/share/classfile/systemDictionary.cpp, line 226]
Event: 1.334 Thread 0x0000011b70d20000 Exception <a 'java/lang/ClassNotFoundException'{0x000000008c073c58}: org/apache/log4j/ConsoleAppenderCustomizer> (0x000000008c073c58) 
thrown [./open/src/hotspot/share/classfile/systemDictionary.cpp, line 226]
Event: 1.498 Thread 0x0000011b70d20000 Exception <a 'java/lang/NoSuchMethodError'{0x000000008be647f8}: 'int java.lang.invoke.DirectMethodHandle$Holder.invokeSpecialIFC(java.lang.Object, java.lang.Object, int)'> (0x000000008be647f8) 
thrown [./open/src/hotspot/share/interpreter/linkResolver.cpp, line 766]
Event: 2.210 Thread 0x0000011b70d20000 Exception <a 'java/lang/NoSuchMethodError'{0x000000008c808058}: 'java.lang.Object java.lang.invoke.DirectMethodHandle$Holder.invokeStaticInit(java.lang.Object, int, int, int, int)'> (0x000000008c808058) 
thrown [./open/src/hotspot/share/interpreter/linkResolver.cpp, line 766]
Event: 2.278 Thread 0x0000011b70d20000 Exception <a 'java/lang/NoSuchMethodError'{0x000000008c84aa08}: 'java.lang.Object java.lang.invoke.DirectMethodHandle$Holder.invokeStaticInit(java.lang.Object, java.lang.Object, int, int, int, int)'> (0x000000008c84aa08) 
thrown [./open/src/hotspot/share/interpreter/linkResolver.cpp, line 766]
Event: 2.695 Thread 0x0000011b70d20000 Exception <a 'java/lang/NoSuchMethodError'{0x0000000088b35a20}: 'java.lang.Object java.lang.invoke.DirectMethodHandle$Holder.invokeStaticInit(java.lang.Object, java.lang.Object, java.lang.Object)'> (0x0000000088b35a20) 
thrown [./open/src/hotspot/share/interpreter/linkResolver.cpp, line 766]
Event: 2.700 Thread 0x0000011b70d20000 Exception <a 'java/lang/NoSuchMethodError'{0x0000000088b4e218}: 'int java.lang.invoke.DirectMethodHandle$Holder.invokeInterface(java.lang.Object, java.lang.Object)'> (0x0000000088b4e218) 
thrown [./open/src/hotspot/share/interpreter/linkResolver.cpp, line 766]
Event: 2.701 Thread 0x0000011b70d20000 Exception <a 'java/lang/IncompatibleClassChangeError'{0x0000000088b50d20}: Found class java.lang.Object, but interface was expected> (0x0000000088b50d20) 
thrown [./open/src/hotspot/share/interpreter/linkResolver.cpp, line 832]

Events (20 events):
Event: 3.051 loading class sun/nio/cs/UTF_8$Encoder done
Event: 3.069 Executing VM operation: ICBufferFull
Event: 3.069 Executing VM operation: ICBufferFull done
Event: 3.131 Executing VM operation: HandshakeAllThreads
Event: 3.131 Executing VM operation: HandshakeAllThreads done
Event: 3.272 Executing VM operation: ICBufferFull
Event: 3.272 Executing VM operation: ICBufferFull done
Event: 3.898 Executing VM operation: G1CollectForAllocation
Event: 3.956 Executing VM operation: G1CollectForAllocation done
Event: 4.096 Executing VM operation: HandshakeOneThread
Event: 4.109 Executing VM operation: HandshakeOneThread done
Event: 4.109 loading class java/awt/KeyboardFocusManager$2
Event: 4.110 loading class java/awt/KeyboardFocusManager$2 done
Event: 4.110 loading class sun/awt/SunToolkit$1
Event: 4.110 loading class sun/awt/SunToolkit$1 done
Event: 4.400 Executing VM operation: G1CollectForAllocation
Event: 4.428 Executing VM operation: G1CollectForAllocation done
Event: 4.521 Executing VM operation: G1CollectForAllocation
Event: 4.551 Executing VM operation: G1CollectForAllocation done
Event: 4.666 Executing VM operation: G1CollectForAllocation


Dynamic libraries:
0x00007ff7d4840000 - 0x00007ff7d484d000 	C:\Users\utilisateur\.p2\pool\plugins\org.eclipse.justj.openjdk.hotspot.jre.full.win32.x86_64_14.0.2.v20200815-0932\jre\bin\javaw.exe
0x00007ff9cbca0000 - 0x00007ff9cbe90000 	C:\windows\SYSTEM32\ntdll.dll
0x00007ff9cb6d0000 - 0x00007ff9cb782000 	C:\windows\System32\KERNEL32.DLL
0x00007ff9c9290000 - 0x00007ff9c9535000 	C:\windows\System32\KERNELBASE.dll
0x00007ff9c9190000 - 0x00007ff9c928a000 	C:\windows\System32\ucrtbase.dll
0x00007ff9abc90000 - 0x00007ff9abca5000 	C:\Users\utilisateur\.p2\pool\plugins\org.eclipse.justj.openjdk.hotspot.jre.full.win32.x86_64_14.0.2.v20200815-0932\jre\bin\VCRUNTIME140.dll
0x00007ff9b7860000 - 0x00007ff9b7878000 	C:\Users\utilisateur\.p2\pool\plugins\org.eclipse.justj.openjdk.hotspot.jre.full.win32.x86_64_14.0.2.v20200815-0932\jre\bin\jli.dll
0x00007ff9c9e70000 - 0x00007ff9ca004000 	C:\windows\System32\USER32.dll
0x00007ff9b7070000 - 0x00007ff9b72f4000 	C:\windows\WinSxS\amd64_microsoft.windows.common-controls_6595b64144ccf1df_6.0.18362.1440_none_9e7dbfb9e45e8e67\COMCTL32.dll
0x00007ff9cb920000 - 0x00007ff9cb9be000 	C:\windows\System32\msvcrt.dll
0x00007ff9c8e50000 - 0x00007ff9c8e71000 	C:\windows\System32\win32u.dll
0x00007ff9ca010000 - 0x00007ff9ca036000 	C:\windows\System32\GDI32.dll
0x00007ff9cb320000 - 0x00007ff9cb656000 	C:\windows\System32\combase.dll
0x00007ff9c8c10000 - 0x00007ff9c8da8000 	C:\windows\System32\gdi32full.dll
0x00007ff9c9d50000 - 0x00007ff9c9e6f000 	C:\windows\System32\RPCRT4.dll
0x00007ff9c8f30000 - 0x00007ff9c8fce000 	C:\windows\System32\msvcp_win.dll
0x00007ff9c9cc0000 - 0x00007ff9c9d41000 	C:\windows\System32\bcryptPrimitives.dll
0x00007ff9cb8f0000 - 0x00007ff9cb91e000 	C:\windows\System32\IMM32.DLL
0x00007ff9abbf0000 - 0x00007ff9abc8b000 	C:\Users\utilisateur\.p2\pool\plugins\org.eclipse.justj.openjdk.hotspot.jre.full.win32.x86_64_14.0.2.v20200815-0932\jre\bin\msvcp140.dll
0x00007ff95cd20000 - 0x00007ff95d83e000 	C:\Users\utilisateur\.p2\pool\plugins\org.eclipse.justj.openjdk.hotspot.jre.full.win32.x86_64_14.0.2.v20200815-0932\jre\bin\server\jvm.dll
0x00007ff9ca750000 - 0x00007ff9ca7f3000 	C:\windows\System32\ADVAPI32.dll
0x00007ff9cb850000 - 0x00007ff9cb8e7000 	C:\windows\System32\sechost.dll
0x00007ff9ca800000 - 0x00007ff9ca808000 	C:\windows\System32\PSAPI.DLL
0x00007ff9b4b80000 - 0x00007ff9b4b89000 	C:\windows\SYSTEM32\WSOCK32.dll
0x00007ff9cb660000 - 0x00007ff9cb6cf000 	C:\windows\System32\WS2_32.dll
0x00007ff9c6b80000 - 0x00007ff9c6ba4000 	C:\windows\SYSTEM32\WINMM.dll
0x00007ff9c6b50000 - 0x00007ff9c6b7d000 	C:\windows\SYSTEM32\winmmbase.dll
0x00007ff9b7fa0000 - 0x00007ff9b7faa000 	C:\windows\SYSTEM32\VERSION.dll
0x00007ff9c8e00000 - 0x00007ff9c8e4a000 	C:\windows\System32\cfgmgr32.dll
0x00007ff9c8bb0000 - 0x00007ff9c8bc1000 	C:\windows\System32\kernel.appcore.dll
0x00007ff9c5350000 - 0x00007ff9c535a000 	C:\Users\utilisateur\.p2\pool\plugins\org.eclipse.justj.openjdk.hotspot.jre.full.win32.x86_64_14.0.2.v20200815-0932\jre\bin\jimage.dll
0x00007ff9b69b0000 - 0x00007ff9b6ba4000 	C:\windows\SYSTEM32\DBGHELP.DLL
0x00007ff9b6930000 - 0x00007ff9b695a000 	C:\windows\SYSTEM32\dbgcore.DLL
0x00007ff9bcb20000 - 0x00007ff9bcb45000 	C:\Users\utilisateur\.p2\pool\plugins\org.eclipse.justj.openjdk.hotspot.jre.full.win32.x86_64_14.0.2.v20200815-0932\jre\bin\java.dll
0x00007ff9c2c80000 - 0x00007ff9c2c96000 	C:\Users\utilisateur\.p2\pool\plugins\org.eclipse.justj.openjdk.hotspot.jre.full.win32.x86_64_14.0.2.v20200815-0932\jre\bin\zip.dll
0x00007ff9cab60000 - 0x00007ff9cb248000 	C:\windows\System32\SHELL32.dll
0x00007ff9caab0000 - 0x00007ff9cab57000 	C:\windows\System32\shcore.dll
0x00007ff9c9540000 - 0x00007ff9c9cbb000 	C:\windows\System32\windows.storage.dll
0x00007ff9c8bf0000 - 0x00007ff9c8c0e000 	C:\windows\System32\profapi.dll
0x00007ff9c8b60000 - 0x00007ff9c8baa000 	C:\windows\System32\powrprof.dll
0x00007ff9c8b50000 - 0x00007ff9c8b60000 	C:\windows\System32\UMPDC.dll
0x00007ff9ca040000 - 0x00007ff9ca092000 	C:\windows\System32\shlwapi.dll
0x00007ff9c8de0000 - 0x00007ff9c8df7000 	C:\windows\System32\cryptsp.dll
0x00007ff9c0850000 - 0x00007ff9c0869000 	C:\Users\utilisateur\.p2\pool\plugins\org.eclipse.justj.openjdk.hotspot.jre.full.win32.x86_64_14.0.2.v20200815-0932\jre\bin\net.dll
0x00007ff9be270000 - 0x00007ff9be36a000 	C:\windows\SYSTEM32\WINHTTP.dll
0x00007ff9c82e0000 - 0x00007ff9c8347000 	C:\windows\system32\mswsock.dll
0x00007ff9bcb00000 - 0x00007ff9bcb12000 	C:\Users\utilisateur\.p2\pool\plugins\org.eclipse.justj.openjdk.hotspot.jre.full.win32.x86_64_14.0.2.v20200815-0932\jre\bin\nio.dll
0x00007ff95c060000 - 0x00007ff95c1f8000 	C:\Users\utilisateur\.p2\pool\plugins\org.eclipse.justj.openjdk.hotspot.jre.full.win32.x86_64_14.0.2.v20200815-0932\jre\bin\awt.dll
0x00007ff9cb250000 - 0x00007ff9cb315000 	C:\windows\System32\OLEAUT32.dll
0x00007ff9c6c90000 - 0x00007ff9c6d1f000 	C:\windows\SYSTEM32\apphelp.dll
0x00007ff9c7280000 - 0x00007ff9c72ad000 	C:\windows\system32\DWMAPI.DLL
0x00007ff9c6e60000 - 0x00007ff9c6ef9000 	C:\windows\system32\uxtheme.dll
0x00007ff9cbac0000 - 0x00007ff9cbbf5000 	C:\windows\System32\MSCTF.dll
0x00007ff9ca120000 - 0x00007ff9ca277000 	C:\windows\System32\ole32.dll
0x00007ff9abbc0000 - 0x00007ff9abbed000 	C:\Users\utilisateur\.p2\pool\plugins\org.eclipse.justj.openjdk.hotspot.jre.full.win32.x86_64_14.0.2.v20200815-0932\jre\bin\javajpeg.dll
0x00007ff9ab740000 - 0x00007ff9ab896000 	C:\windows\system32\opengl32.dll
0x00007ff9b7710000 - 0x00007ff9b773c000 	C:\windows\SYSTEM32\GLU32.dll
0x00007ff9c7750000 - 0x00007ff9c7770000 	C:\windows\SYSTEM32\dxcore.dll
0x00007ff9abb30000 - 0x00007ff9abbb2000 	C:\Users\utilisateur\.p2\pool\plugins\org.eclipse.justj.openjdk.hotspot.jre.full.win32.x86_64_14.0.2.v20200815-0932\jre\bin\freetype.dll
0x00007ff9ab8b0000 - 0x00007ff9ab956000 	C:\Users\utilisateur\.p2\pool\plugins\org.eclipse.justj.openjdk.hotspot.jre.full.win32.x86_64_14.0.2.v20200815-0932\jre\bin\fontmanager.dll
0x00007ff9bc910000 - 0x00007ff9bc9ad000 	C:\windows\System32\TextInputFramework.dll
0x00007ff9c63f0000 - 0x00007ff9c64c4000 	C:\windows\System32\CoreMessaging.dll
0x00007ff9c4930000 - 0x00007ff9c4c5a000 	C:\windows\System32\CoreUIComponents.dll
0x00007ff9c7b50000 - 0x00007ff9c7b81000 	C:\windows\SYSTEM32\ntmarta.dll
0x00007ff9c43c0000 - 0x00007ff9c4512000 	C:\windows\SYSTEM32\wintypes.dll
0x00007ff9c2560000 - 0x00007ff9c2570000 	C:\Users\utilisateur\.p2\pool\plugins\org.eclipse.justj.openjdk.hotspot.jre.full.win32.x86_64_14.0.2.v20200815-0932\jre\bin\verify.dll
0x00007ff9bb150000 - 0x00007ff9bb3f7000 	C:\windows\System32\iertutil.dll
0x00007ff9c7e70000 - 0x00007ff9c7ea3000 	C:\windows\system32\rsaenh.dll
0x00007ff9c8db0000 - 0x00007ff9c8dd6000 	C:\windows\System32\bcrypt.dll
0x00007ff9c8a70000 - 0x00007ff9c8a95000 	C:\windows\SYSTEM32\USERENV.dll
0x00007ff9c84c0000 - 0x00007ff9c84cc000 	C:\windows\SYSTEM32\CRYPTBASE.dll
0x00007ff9c8000000 - 0x00007ff9c803a000 	C:\windows\SYSTEM32\IPHLPAPI.DLL
0x00007ff9cb9c0000 - 0x00007ff9cb9c8000 	C:\windows\System32\NSI.dll
0x00007ff9be460000 - 0x00007ff9be476000 	C:\windows\SYSTEM32\dhcpcsvc6.DLL
0x00007ff9be440000 - 0x00007ff9be45c000 	C:\windows\SYSTEM32\dhcpcsvc.DLL
0x00007ff9c8040000 - 0x00007ff9c810b000 	C:\windows\SYSTEM32\DNSAPI.dll
0x00007ff9b0c60000 - 0x00007ff9b0c69000 	C:\Users\utilisateur\.p2\pool\plugins\org.eclipse.justj.openjdk.hotspot.jre.full.win32.x86_64_14.0.2.v20200815-0932\jre\bin\management.dll
0x00007ff9b0a50000 - 0x00007ff9b0a5b000 	C:\Users\utilisateur\.p2\pool\plugins\org.eclipse.justj.openjdk.hotspot.jre.full.win32.x86_64_14.0.2.v20200815-0932\jre\bin\management_ext.dll

dbghelp: loaded successfully - version: 4.0.5 - missing functions: none
symbol engine: initialized successfully - sym options: 0x614 - pdb path: .;C:\Users\utilisateur\.p2\pool\plugins\org.eclipse.justj.openjdk.hotspot.jre.full.win32.x86_64_14.0.2.v20200815-0932\jre\bin;C:\windows\SYSTEM32;C:\windows\WinSxS\amd64_microsoft.windows.common-controls_6595b64144ccf1df_6.0.18362.1440_none_9e7dbfb9e45e8e67;C:\Users\utilisateur\.p2\pool\plugins\org.eclipse.justj.openjdk.hotspot.jre.full.win32.x86_64_14.0.2.v20200815-0932\jre\bin\server

VM Arguments:
jvm_args: -Dfile.encoding=Cp1252 -XX:+ShowCodeDetailsInExceptionMessages 
java_command: itsudparis.application.Dashboard
java_class_path (initial): C:\Users\utilisateur\Desktop\projects\Projet_Environnement_Intelligent-main\OntologieProject\bin;C:\Users\utilisateur\Desktop\projects\Jena-2.6-2.2\lib\arq-2.8.1.jar;C:\Users\utilisateur\Desktop\projects\Jena-2.6-2.2\lib\icu4j-3.4.4.jar;C:\Users\utilisateur\Desktop\projects\Jena-2.6-2.2\lib\iri-0.7.jar;C:\Users\utilisateur\Desktop\projects\Jena-2.6-2.2\lib\jena-2.6.2.jar;C:\Users\utilisateur\Desktop\projects\Jena-2.6-2.2\lib\jena-2.6.2-tests.jar;C:\Users\utilisateur\Desktop\projects\Jena-2.6-2.2\lib\junit-4.5.jar;C:\Users\utilisateur\Desktop\projects\Jena-2.6-2.2\lib\log4j-1.2.13.jar;C:\Users\utilisateur\Desktop\projects\Jena-2.6-2.2\lib\lucene-core-2.3.1.jar;C:\Users\utilisateur\Desktop\projects\Jena-2.6-2.2\lib\slf4j-api-1.5.6.jar;C:\Users\utilisateur\Desktop\projects\Jena-2.6-2.2\lib\slf4j-log4j12-1.5.6.jar;C:\Users\utilisateur\Desktop\projects\Jena-2.6-2.2\lib\stax-api-1.0.1.jar;C:\Users\utilisateur\Desktop\projects\Jena-2.6-2.2\lib\wstx-asl-3.2.9.jar;C:\Users\utilisateur\Desktop\projects\Jena-2.6-2.2\lib\xercesImpl-2.7.1.jar
Launcher Type: SUN_STANDARD

[Global flags]
     intx CICompilerCount                          = 3                                         {product} {ergonomic}
     uint ConcGCThreads                            = 1                                         {product} {ergonomic}
     uint G1ConcRefinementThreads                  = 4                                         {product} {ergonomic}
   size_t G1HeapRegionSize                         = 1048576                                   {product} {ergonomic}
    uintx GCDrainStackTargetSize                   = 64                                        {product} {ergonomic}
   size_t InitialHeapSize                          = 130023424                                 {product} {ergonomic}
   size_t MarkStackSize                            = 4194304                                   {product} {ergonomic}
   size_t MaxHeapSize                              = 2065694720                                {product} {ergonomic}
   size_t MaxNewSize                               = 1239416832                                {product} {ergonomic}
   size_t MinHeapDeltaBytes                        = 1048576                                   {product} {ergonomic}
   size_t MinHeapSize                              = 8388608                                   {product} {ergonomic}
    uintx NonNMethodCodeHeapSize                   = 5832780                                {pd product} {ergonomic}
    uintx NonProfiledCodeHeapSize                  = 122912730                              {pd product} {ergonomic}
    uintx ProfiledCodeHeapSize                     = 122912730                              {pd product} {ergonomic}
    uintx ReservedCodeCacheSize                    = 251658240                              {pd product} {ergonomic}
     bool SegmentedCodeCache                       = true                                      {product} {ergonomic}
     bool ShowCodeDetailsInExceptionMessages       = true                                   {manageable} {command line}
   size_t SoftMaxHeapSize                          = 2065694720                             {manageable} {ergonomic}
     bool UseCompressedClassPointers               = true                                 {lp64_product} {ergonomic}
     bool UseCompressedOops                        = true                                 {lp64_product} {ergonomic}
     bool UseG1GC                                  = true                                      {product} {ergonomic}
     bool UseLargePagesIndividualAllocation        = false                                  {pd product} {ergonomic}

Logging:
Log output configuration:
 #0: stdout all=warning uptime,level,tags
 #1: stderr all=off uptime,level,tags

Environment Variables:
PATH=C:/Users/utilisateur/.p2/pool/plugins/org.eclipse.justj.openjdk.hotspot.jre.full.win32.x86_64_14.0.2.v20200815-0932/jre/bin/server;C:/Users/utilisateur/.p2/pool/plugins/org.eclipse.justj.openjdk.hotspot.jre.full.win32.x86_64_14.0.2.v20200815-0932/jre/bin;C:\Program Files (x86)\Common Files\Oracle\Java\javapath;C:\windows\system32;C:\windows;C:\windows\System32\Wbem;C:\windows\System32\WindowsPowerShell\v1.0\;C:\windows\System32\OpenSSH\;C:\Program Files (x86)\Intel\Intel(R) Management Engine Components\DAL;C:\Program Files\Intel\Intel(R) Management Engine Components\DAL;C:\flutter\bin;C:\Program Files\nodejs\;C:\Program Files\Git\cmd;C:\Program Files\MongoDB\Server\4.2\bin;C:\Program Files\PuTTY\;C:\Program Files\Docker\Docker\resources\bin;C:\ProgramData\DockerDesktop\version-bin;C:\Gradel\gradle-6.8.2\bin;C:\Users\utilisateur\anaconda3;C:\Users\utilisateur\anaconda3\Library\mingw-w64\bin;C:\Users\utilisateur\anaconda3\Library\usr\bin;C:\Users\utilisateur\anaconda3\Library\bin;C:\Users\utilisateur\anaconda3\Scripts;C:\Users\utilisateur\AppData\Local\Microsoft\WindowsApps;C:\Users\utilisateur\AppData\Local\Programs\Microsoft VS Code\bin;C:\Users\utilisateur\AppData\Roaming\npm;C:\Users\utilisateur\AppData\Roaming\Dashlane\6.2018.0.34867\bin\Firefox_Extension\{442718d9-475e-452a-b3e1-fb1ee16b8e9f}\components;C:\Users\utilisateur\AppData\Roaming\Dashlane\6.2018.0.34867\ucrt;C:\Users\utilisateur\AppData\Roaming\Dashlane\6.2018.0.34867\bin\Qt;C:\Users\utilisateur\AppData\Roaming\Dashlane\6.2018.0.34867\ucrt;C:\Users\utilisateur\AppData\Roaming\Dashlane\6.2018.0.34867\bin\Ssl;C:\Gradel\gradle-6.8.2\bin;;C:\windows\system32;
USERNAME=utilisateur
OS=Windows_NT
PROCESSOR_IDENTIFIER=Intel64 Family 6 Model 61 Stepping 4, GenuineIntel



---------------  S Y S T E M  ---------------

OS: Windows 10 , 64 bit Build 18362 (10.0.18362.1350)
OS uptime: 2 days 4:04 hours
HyperV virtualization detected

CPU:total 4 (initial active 4) (2 cores per cpu, 2 threads per core) family 6 model 61 stepping 4, cmov, cx8, fxsr, mmx, sse, sse2, sse3, ssse3, sse4.1, sse4.2, popcnt, avx, avx2, aes, clmul, erms, rtm, 3dnowpref, lzcnt, ht, tsc, tscinvbit, bmi1, bmi2, adx, fma

Memory: 4k page, system-wide physical 7872M (1273M free)
TotalPageFile size 19300M (AvailPageFile size 32M)
current process WorkingSet (physical memory assigned to process): 196M, peak: 202M
current process commit charge ("private bytes"): 219M, peak: 250M

vm_info: OpenJDK 64-Bit Server VM (14.0.2+12-46) for windows-amd64 JRE (14.0.2+12-46), built on Jul  9 2020 00:31:16 by "mach5one" with MS VC++ 15.9 (VS2017)

END.
